<?xml version="1.0" encoding="UTF-8" standalone="yes"?><!DOCTYPE report PUBLIC "-//JACOCO//DTD Report 1.1//EN" "report.dtd"><report name="kaiheisen-sv-impl-get-meterreadingresultacquisition"><sessioninfo id="runnervmlun5p-bdbfd7ba" start="1789262942348" dump="1789262945445"/><package name="jp/co/tokyo_gas/kaiheisen/libs/sv/impl/get"><class name="jp/co/tokyo_gas/kaiheisen/libs/sv/impl/get/MeterReadingResultAcquisitionImpl$SearchResult" sourcefilename="MeterReadingResultAcquisitionImpl.java"><method name="&lt;init&gt;" desc="(Ljp/co/tokyo_gas/kaiheisen/libs/da/core/DataAccessCallSpec;Ljava/util/List;)V" line="348"><counter type="INSTRUCTION" missed="0" covered="9"/><counter type="LINE" missed="0" covered="1"/><counter type="COMPLEXITY" missed="0" covered="1"/><counter type="METHOD" missed="0" covered="1"/></method><counter type="INSTRUCTION" missed="0" covered="9"/><counter type="LINE" missed="0" covered="1"/><counter type="COMPLEXITY" missed="0" covered="1"/><counter type="METHOD" missed="0" covered="1"/><counter type="CLASS" missed="0" covered="1"/></class><class name="jp/co/tokyo_gas/kaiheisen/libs/sv/impl/get/MeterReadingResultAcquisitionImpl$ProcessingRange" sourcefilename="MeterReadingResultAcquisitionImpl.java"><method name="&lt;init&gt;" desc="(Ljava/time/LocalDate;Ljava/lang/Integer;Ljava/time/LocalDate;Ljava/lang/Integer;)V" line="358"><counter type="INSTRUCTION" missed="0" covered="15"/><counter type="LINE" missed="0" covered="1"/><counter type="COMPLEXITY" missed="0" covered="1"/><counter type="METHOD" missed="0" covered="1"/></method><counter type="INSTRUCTION" missed="0" covered="15"/><counter type="LINE" missed="0" covered="1"/><counter type="COMPLEXITY" missed="0" covered="1"/><counter type="METHOD" missed="0" covered="1"/><counter type="CLASS" missed="0" covered="1"/></class><class name="jp/co/tokyo_gas/kaiheisen/libs/sv/impl/get/MeterReadingResultAcquisitionImpl" sourcefilename="MeterReadingResultAcquisitionImpl.java"><method name="&lt;init&gt;" desc="(Ljp/co/tokyo_gas/kaiheisen/libs/da/api/ciriusdb/cirius/gmkskkd/GmkskkdDataAccess;)V" line="35"><counter type="INSTRUCTION" missed="0" covered="6"/><counter type="LINE" missed="0" covered="3"/><counter type="COMPLEXITY" missed="0" covered="1"/><counter type="METHOD" missed="0" covered="1"/></method><method name="execute" desc="(Ljava/lang/Long;Ljava/time/LocalDate;Ljava/time/LocalDate;Ljava/time/LocalDate;Ljp/co/tokyo_gas/kaiheisen/libs/sv/api/get/model/KnsKkaTseiMaeJh;)Ljp/co/tokyo_gas/kaiheisen/libs/sv/api/get/MeterReadingResultAcquisitionOutput;" line="46"><counter type="INSTRUCTION" missed="0" covered="77"/><counter type="BRANCH" missed="0" covered="10"/><counter type="LINE" missed="0" covered="18"/><counter type="COMPLEXITY" missed="0" covered="6"/><counter type="METHOD" missed="0" covered="1"/></method><method name="loadWithPreviousInfo" desc="(Ljava/lang/Long;Ljava/time/LocalDate;Ljava/time/LocalDate;Ljava/time/LocalDate;Ljp/co/tokyo_gas/kaiheisen/libs/sv/api/get/model/KnsKkaTseiMaeJh;)Ljp/co/tokyo_gas/kaiheisen/libs/sv/impl/get/MeterReadingResultAcquisitionImpl$SearchResult;" line="102"><counter type="INSTRUCTION" missed="0" covered="61"/><counter type="BRANCH" missed="0" covered="4"/><counter type="LINE" missed="0" covered="17"/><counter type="COMPLEXITY" missed="0" covered="3"/><counter type="METHOD" missed="0" covered="1"/></method><method name="trimFutureRowsWithoutPrevious" desc="(Ljava/util/List;Ljava/time/LocalDate;Ljava/lang/String;Ljava/lang/Long;)V" line="142"><counter type="INSTRUCTION" missed="0" covered="38"/><counter type="BRANCH" missed="2" covered="8"/><counter type="LINE" missed="0" covered="9"/><counter type="COMPLEXITY" missed="2" covered="4"/><counter type="METHOD" missed="0" covered="1"/></method><method name="adjustRowsWithPrevious" desc="(Ljava/util/List;Ljava/time/LocalDate;Ljp/co/tokyo_gas/kaiheisen/libs/sv/api/get/model/KnsKkaTseiMaeJh;Ljava/lang/String;Ljava/lang/Long;)Ljava/lang/Double;" line="173"><counter type="INSTRUCTION" missed="9" covered="44"/><counter type="BRANCH" missed="4" covered="6"/><counter type="LINE" missed="4" covered="13"/><counter type="COMPLEXITY" missed="3" covered="3"/><counter type="METHOD" missed="0" covered="1"/></method><method name="deriveProcessingRange" desc="(Ljava/time/LocalDate;Ljp/co/tokyo_gas/kaiheisen/libs/sv/api/get/model/KnsKkaTseiMaeJh;)Ljp/co/tokyo_gas/kaiheisen/libs/sv/impl/get/MeterReadingResultAcquisitionImpl$ProcessingRange;" line="210"><counter type="INSTRUCTION" missed="11" covered="33"/><counter type="BRANCH" missed="1" covered="3"/><counter type="LINE" missed="1" covered="6"/><counter type="COMPLEXITY" missed="1" covered="2"/><counter type="METHOD" missed="0" covered="1"/></method><method name="isWithinProcessingRange" desc="(Ljp/co/tokyo_gas/kaiheisen/libs/sv/api/get/model/KnkkJh;Ljp/co/tokyo_gas/kaiheisen/libs/sv/impl/get/MeterReadingResultAcquisitionImpl$ProcessingRange;)Z" line="233"><counter type="INSTRUCTION" missed="3" covered="51"/><counter type="BRANCH" missed="6" covered="10"/><counter type="LINE" missed="0" covered="9"/><counter type="COMPLEXITY" missed="6" covered="3"/><counter type="METHOD" missed="0" covered="1"/></method><method name="isDifferentConfirmedRecord" desc="(Ljp/co/tokyo_gas/kaiheisen/libs/sv/api/get/model/KnkkJh;Ljp/co/tokyo_gas/kaiheisen/libs/sv/api/get/model/KnsKkaTseiMaeJh;)Z" line="253"><counter type="INSTRUCTION" missed="0" covered="21"/><counter type="BRANCH" missed="2" covered="4"/><counter type="LINE" missed="0" covered="3"/><counter type="COMPLEXITY" missed="2" covered="2"/><counter type="METHOD" missed="0" covered="1"/></method><method name="isSameRecordAndSameFlag" desc="(Ljp/co/tokyo_gas/kaiheisen/libs/sv/api/get/model/KnkkJh;Ljp/co/tokyo_gas/kaiheisen/libs/sv/api/get/model/KnsKkaTseiMaeJh;)Z" line="267"><counter type="INSTRUCTION" missed="1" covered="27"/><counter type="BRANCH" missed="3" covered="3"/><counter type="LINE" missed="0" covered="4"/><counter type="COMPLEXITY" missed="3" covered="1"/><counter type="METHOD" missed="0" covered="1"/></method><method name="fromKkmtRecords" desc="(Ljava/util/List;)Ljava/util/List;" line="281"><counter type="INSTRUCTION" missed="0" covered="48"/><counter type="BRANCH" missed="0" covered="2"/><counter type="LINE" missed="0" covered="15"/><counter type="COMPLEXITY" missed="0" covered="2"/><counter type="METHOD" missed="0" covered="1"/></method><method name="fromKnsRecords" desc="(Ljava/util/List;)Ljava/util/List;" line="307"><counter type="INSTRUCTION" missed="0" covered="45"/><counter type="BRANCH" missed="0" covered="2"/><counter type="LINE" missed="0" covered="15"/><counter type="COMPLEXITY" missed="0" covered="2"/><counter type="METHOD" missed="0" covered="1"/></method><method name="toDouble" desc="(Ljava/math/BigDecimal;)Ljava/lang/Double;" line="333"><counter type="INSTRUCTION" missed="2" covered="6"/><counter type="BRANCH" missed="1" covered="1"/><counter type="LINE" missed="0" covered="1"/><counter type="COMPLEXITY" missed="1" covered="1"/><counter type="METHOD" missed="0" covered="1"/></method><method name="businessRule" desc="(Ljava/lang/String;Ljava/lang/Long;)Ljp/co/tokyo_gas/kaiheisen/libs/common/core/exception/business/BusinessRuleException;" line="337"><counter type="INSTRUCTION" missed="0" covered="10"/><counter type="LINE" missed="0" covered="2"/><counter type="COMPLEXITY" missed="0" covered="1"/><counter type="METHOD" missed="0" covered="1"/></method><counter type="INSTRUCTION" missed="26" covered="467"/><counter type="BRANCH" missed="19" covered="53"/><counter type="LINE" missed="5" covered="115"/><counter type="COMPLEXITY" missed="18" covered="31"/><counter type="METHOD" missed="0" covered="13"/><counter type="CLASS" missed="0" covered="1"/></class><sourcefile name="MeterReadingResultAcquisitionImpl.java"><line nr="35" mi="0" ci="2" mb="0" cb="0"/><line nr="36" mi="0" ci="3" mb="0" cb="0"/><line nr="37" mi="0" ci="1" mb="0" cb="0"/><line nr="46" mi="0" ci="9" mb="0" cb="4"/><line nr="48" mi="0" ci="2" mb="0" cb="2"/><line nr="49" mi="0" ci="8" mb="0" cb="0"/><line nr="53" mi="0" ci="4" mb="0" cb="0"/><line nr="54" mi="0" ci="1" mb="0" cb="0"/><line nr="57" mi="0" ci="6" mb="0" cb="0"/><line nr="58" mi="0" ci="2" mb="0" cb="0"/><line nr="62" mi="0" ci="4" mb="0" cb="2"/><line nr="63" mi="0" ci="5" mb="0" cb="0"/><line nr="66" mi="0" ci="6" mb="0" cb="0"/><line nr="68" mi="0" ci="2" mb="0" cb="2"/><line nr="69" mi="0" ci="5" mb="0" cb="0"/><line nr="70" mi="0" ci="3" mb="0" cb="0"/><line nr="71" mi="0" ci="3" mb="0" cb="0"/><line nr="73" mi="0" ci="5" mb="0" cb="0"/><line nr="74" mi="0" ci="2" mb="0" cb="0"/><line nr="78" mi="0" ci="3" mb="0" cb="0"/><line nr="82" mi="0" ci="7" mb="0" cb="0"/><line nr="102" mi="0" ci="3" mb="0" cb="0"/><line nr="104" mi="0" ci="4" mb="0" cb="2"/><line nr="105" mi="0" ci="5" mb="0" cb="2"/><line nr="106" mi="0" ci="6" mb="0" cb="0"/><line nr="107" mi="0" ci="2" mb="0" cb="0"/><line nr="108" mi="0" ci="1" mb="0" cb="0"/><line nr="109" mi="0" ci="6" mb="0" cb="0"/><line nr="112" mi="0" ci="2" mb="0" cb="0"/><line nr="114" mi="0" ci="6" mb="0" cb="0"/><line nr="115" mi="0" ci="2" mb="0" cb="0"/><line nr="116" mi="0" ci="1" mb="0" cb="0"/><line nr="117" mi="0" ci="6" mb="0" cb="0"/><line nr="120" mi="0" ci="2" mb="0" cb="0"/><line nr="123" mi="0" ci="5" mb="0" cb="0"/><line nr="124" mi="0" ci="2" mb="0" cb="0"/><line nr="126" mi="0" ci="6" mb="0" cb="0"/><line nr="128" mi="0" ci="2" mb="0" cb="0"/><line nr="142" mi="0" ci="3" mb="0" cb="0"/><line nr="143" mi="0" ci="3" mb="1" cb="1"/><line nr="144" mi="0" ci="4" mb="0" cb="0"/><line nr="145" mi="0" ci="10" mb="0" cb="4"/><line nr="146" mi="0" ci="4" mb="0" cb="0"/><line nr="148" mi="0" ci="10" mb="1" cb="3"/><line nr="149" mi="0" ci="2" mb="0" cb="0"/><line nr="150" mi="0" ci="1" mb="0" cb="0"/><line nr="154" mi="0" ci="1" mb="0" cb="0"/><line nr="173" mi="0" ci="5" mb="0" cb="0"/><line nr="174" mi="0" ci="2" mb="0" cb="0"/><line nr="176" mi="0" ci="3" mb="0" cb="0"/><line nr="177" mi="0" ci="3" mb="0" cb="2"/><line nr="178" mi="0" ci="4" mb="0" cb="0"/><line nr="179" mi="0" ci="5" mb="1" cb="1"/><line nr="180" mi="1" ci="0" mb="0" cb="0"/><line nr="183" mi="0" ci="5" mb="0" cb="2"/><line nr="184" mi="0" ci="4" mb="0" cb="0"/><line nr="187" mi="0" ci="5" mb="1" cb="1"/><line nr="188" mi="0" ci="3" mb="0" cb="0"/><line nr="189" mi="0" ci="2" mb="0" cb="0"/><line nr="190" mi="0" ci="1" mb="0" cb="0"/><line nr="193" mi="5" ci="0" mb="2" cb="0"/><line nr="194" mi="2" ci="0" mb="0" cb="0"/><line nr="196" mi="1" ci="0" mb="0" cb="0"/><line nr="198" mi="0" ci="2" mb="0" cb="0"/><line nr="210" mi="0" ci="3" mb="0" cb="0"/><line nr="211" mi="0" ci="3" mb="0" cb="0"/><line nr="213" mi="0" ci="4" mb="0" cb="2"/><line nr="214" mi="0" ci="8" mb="0" cb="0"/><line nr="217" mi="0" ci="4" mb="1" cb="1"/><line nr="218" mi="0" ci="11" mb="0" cb="0"/><line nr="221" mi="11" ci="0" mb="0" cb="0"/><line nr="233" mi="0" ci="1" mb="0" cb="0"/><line nr="234" mi="0" ci="6" mb="0" cb="2"/><line nr="235" mi="0" ci="6" mb="1" cb="1"/><line nr="236" mi="1" ci="9" mb="1" cb="1"/><line nr="237" mi="0" ci="1" mb="0" cb="0"/><line nr="238" mi="0" ci="6" mb="0" cb="2"/><line nr="239" mi="0" ci="6" mb="1" cb="1"/><line nr="240" mi="1" ci="9" mb="1" cb="1"/><line nr="241" mi="1" ci="7" mb="2" cb="2"/><line nr="253" mi="0" ci="8" mb="0" cb="2"/><line nr="254" mi="0" ci="7" mb="1" cb="1"/><line nr="255" mi="0" ci="6" mb="1" cb="1"/><line nr="267" mi="0" ci="8" mb="1" cb="1"/><line nr="268" mi="0" ci="7" mb="1" cb="1"/><line nr="269" mi="0" ci="5" mb="0" cb="0"/><line nr="270" mi="1" ci="7" mb="1" cb="1"/><line nr="281" mi="0" ci="4" mb="0" cb="0"/><line nr="282" mi="0" ci="10" mb="0" cb="2"/><line nr="283" mi="0" ci="7" mb="0" cb="0"/><line nr="285" mi="0" ci="4" mb="0" cb="0"/><line nr="286" mi="0" ci="2" mb="0" cb="0"/><line nr="287" mi="0" ci="2" mb="0" cb="0"/><line nr="288" mi="0" ci="2" mb="0" cb="0"/><line nr="289" mi="0" ci="2" mb="0" cb="0"/><line nr="290" mi="0" ci="3" mb="0" cb="0"/><line nr="291" mi="0" ci="3" mb="0" cb="0"/><line nr="292" mi="0" ci="2" mb="0" cb="0"/><line nr="293" mi="0" ci="2" mb="0" cb="0"/><line nr="294" mi="0" ci="2" mb="0" cb="0"/><line nr="295" mi="0" ci="1" mb="0" cb="0"/><line nr="296" mi="0" ci="2" mb="0" cb="0"/><line nr="307" mi="0" ci="4" mb="0" cb="0"/><line nr="308" mi="0" ci="10" mb="0" cb="2"/><line nr="309" mi="0" ci="6" mb="0" cb="0"/><line nr="311" mi="0" ci="2" mb="0" cb="0"/><line nr="312" mi="0" ci="2" mb="0" cb="0"/><line nr="313" mi="0" ci="2" mb="0" cb="0"/><line nr="314" mi="0" ci="2" mb="0" cb="0"/><line nr="315" mi="0" ci="2" mb="0" cb="0"/><line nr="316" mi="0" ci="3" mb="0" cb="0"/><line nr="317" mi="0" ci="3" mb="0" cb="0"/><line nr="318" mi="0" ci="2" mb="0" cb="0"/><line nr="319" mi="0" ci="2" mb="0" cb="0"/><line nr="320" mi="0" ci="2" mb="0" cb="0"/><line nr="321" mi="0" ci="1" mb="0" cb="0"/><line nr="322" mi="0" ci="2" mb="0" cb="0"/><line nr="333" mi="2" ci="6" mb="1" cb="1"/><line nr="337" mi="0" ci="8" mb="0" cb="0"/><line nr="339" mi="0" ci="2" mb="0" cb="0"/><line nr="348" mi="0" ci="9" mb="0" cb="0"/><line nr="358" mi="0" ci="15" mb="0" cb="0"/><counter type="INSTRUCTION" missed="26" covered="491"/><counter type="BRANCH" missed="19" covered="53"/><counter type="LINE" missed="5" covered="117"/><counter type="COMPLEXITY" missed="18" covered="33"/><counter type="METHOD" missed="0" covered="15"/><counter type="CLASS" missed="0" covered="3"/></sourcefile><counter type="INSTRUCTION" missed="26" covered="491"/><counter type="BRANCH" missed="19" covered="53"/><counter type="LINE" missed="5" covered="117"/><counter type="COMPLEXITY" missed="18" covered="33"/><counter type="METHOD" missed="0" covered="15"/><counter type="CLASS" missed="0" covered="3"/></package><counter type="INSTRUCTION" missed="26" covered="491"/><counter type="BRANCH" missed="19" covered="53"/><counter type="LINE" missed="5" covered="117"/><counter type="COMPLEXITY" missed="18" covered="33"/><counter type="METHOD" missed="0" covered="15"/><counter type="CLASS" missed="0" covered="3"/></report>