<?xml version="1.0" encoding="UTF-8" standalone="yes"?><!DOCTYPE report PUBLIC "-//JACOCO//DTD Report 1.1//EN" "report.dtd"><report name="kaiheisen-dataaccess-inmemory-ciriusdb-cirius-nwkseig"><sessioninfo id="runnervmlun5p-c75ee5c9" start="1789262465240" dump="1789262468338"/><package name="jp/co/tokyo_gas/kaiheisen/libs/da/inmemory/ciriusdb/cirius/nwkseig"><class name="jp/co/tokyo_gas/kaiheisen/libs/da/inmemory/ciriusdb/cirius/nwkseig/NwkseigDataAccessImpl" sourcefilename="NwkseigDataAccessImpl.java"><method name="&lt;init&gt;" desc="()V" line="15"><counter type="INSTRUCTION" missed="0" covered="8"/><counter type="LINE" missed="0" covered="2"/><counter type="COMPLEXITY" missed="0" covered="1"/><counter type="METHOD" missed="0" covered="1"/></method><method name="addRow" desc="(Ljp/co/tokyo_gas/kaiheisen/libs/da/api/ciriusdb/cirius/nwkseig/NwkseigRecord;)Ljp/co/tokyo_gas/kaiheisen/libs/da/inmemory/ciriusdb/cirius/nwkseig/NwkseigDataAccessImpl;" line="28"><counter type="INSTRUCTION" missed="0" covered="10"/><counter type="LINE" missed="0" covered="2"/><counter type="COMPLEXITY" missed="0" covered="1"/><counter type="METHOD" missed="0" covered="1"/></method><method name="findByNwkCdAndTkysYmdAndTyenYmd" desc="(Ljava/lang/String;Ljava/time/LocalDate;)Ljava/util/Optional;" line="35"><counter type="INSTRUCTION" missed="0" covered="25"/><counter type="LINE" missed="0" covered="8"/><counter type="COMPLEXITY" missed="0" covered="1"/><counter type="METHOD" missed="0" covered="1"/></method><method name="findByPK" desc="(Ljava/lang/String;Ljava/time/LocalDate;)Ljava/util/Optional;" line="47"><counter type="INSTRUCTION" missed="0" covered="18"/><counter type="LINE" missed="0" covered="6"/><counter type="COMPLEXITY" missed="0" covered="1"/><counter type="METHOD" missed="0" covered="1"/></method><method name="safeNwkCd" desc="(Ljava/lang/String;Ljava/lang/String;)Ljava/lang/String;" line="56"><counter type="INSTRUCTION" missed="0" covered="5"/><counter type="LINE" missed="0" covered="1"/><counter type="COMPLEXITY" missed="0" covered="1"/><counter type="METHOD" missed="0" covered="1"/></method><method name="normalizeFixedLength" desc="(Ljava/lang/String;I)Ljava/lang/String;" line="60"><counter type="INSTRUCTION" missed="0" covered="5"/><counter type="LINE" missed="0" covered="1"/><counter type="COMPLEXITY" missed="0" covered="1"/><counter type="METHOD" missed="0" covered="1"/></method><method name="ymdOrZero" desc="(Ljava/time/LocalDate;)I" line="64"><counter type="INSTRUCTION" missed="0" covered="9"/><counter type="BRANCH" missed="0" covered="2"/><counter type="LINE" missed="0" covered="3"/><counter type="COMPLEXITY" missed="0" covered="2"/><counter type="METHOD" missed="0" covered="1"/></method><method name="lambda$findByPK$5" desc="(ILjp/co/tokyo_gas/kaiheisen/libs/da/api/ciriusdb/cirius/nwkseig/NwkseigRecord;)Z" line="51"><counter type="INSTRUCTION" missed="1" covered="8"/><counter type="BRANCH" missed="1" covered="1"/><counter type="LINE" missed="0" covered="1"/><counter type="COMPLEXITY" missed="1" covered="1"/><counter type="METHOD" missed="0" covered="1"/></method><method name="lambda$findByPK$4" desc="(Ljava/lang/String;Ljp/co/tokyo_gas/kaiheisen/libs/da/api/ciriusdb/cirius/nwkseig/NwkseigRecord;)Z" line="50"><counter type="INSTRUCTION" missed="0" covered="7"/><counter type="LINE" missed="0" covered="1"/><counter type="COMPLEXITY" missed="0" covered="1"/><counter type="METHOD" missed="0" covered="1"/></method><method name="lambda$findByNwkCdAndTkysYmdAndTyenYmd$3" desc="(Ljp/co/tokyo_gas/kaiheisen/libs/da/api/ciriusdb/cirius/nwkseig/NwkseigRecord;)I" line="41"><counter type="INSTRUCTION" missed="0" covered="4"/><counter type="LINE" missed="0" covered="1"/><counter type="COMPLEXITY" missed="0" covered="1"/><counter type="METHOD" missed="0" covered="1"/></method><method name="lambda$findByNwkCdAndTkysYmdAndTyenYmd$2" desc="(ILjp/co/tokyo_gas/kaiheisen/libs/da/api/ciriusdb/cirius/nwkseig/NwkseigRecord;)Z" line="40"><counter type="INSTRUCTION" missed="0" covered="9"/><counter type="BRANCH" missed="0" covered="2"/><counter type="LINE" missed="0" covered="1"/><counter type="COMPLEXITY" missed="0" covered="2"/><counter type="METHOD" missed="0" covered="1"/></method><method name="lambda$findByNwkCdAndTkysYmdAndTyenYmd$1" desc="(ILjp/co/tokyo_gas/kaiheisen/libs/da/api/ciriusdb/cirius/nwkseig/NwkseigRecord;)Z" line="39"><counter type="INSTRUCTION" missed="0" covered="9"/><counter type="BRANCH" missed="0" covered="2"/><counter type="LINE" missed="0" covered="1"/><counter type="COMPLEXITY" missed="0" covered="2"/><counter type="METHOD" missed="0" covered="1"/></method><method name="lambda$findByNwkCdAndTkysYmdAndTyenYmd$0" desc="(Ljava/lang/String;Ljp/co/tokyo_gas/kaiheisen/libs/da/api/ciriusdb/cirius/nwkseig/NwkseigRecord;)Z" line="38"><counter type="INSTRUCTION" missed="0" covered="7"/><counter type="LINE" missed="0" covered="1"/><counter type="COMPLEXITY" missed="0" covered="1"/><counter type="METHOD" missed="0" covered="1"/></method><counter type="INSTRUCTION" missed="1" covered="124"/><counter type="BRANCH" missed="1" covered="7"/><counter type="LINE" missed="0" covered="23"/><counter type="COMPLEXITY" missed="1" covered="16"/><counter type="METHOD" missed="0" covered="13"/><counter type="CLASS" missed="0" covered="1"/></class><sourcefile name="NwkseigDataAccessImpl.java"><line nr="15" mi="0" ci="2" mb="0" cb="0"/><line nr="19" mi="0" ci="6" mb="0" cb="0"/><line nr="28" mi="0" ci="8" mb="0" cb="0"/><line nr="29" mi="0" ci="2" mb="0" cb="0"/><line nr="35" mi="0" ci="4" mb="0" cb="0"/><line nr="36" mi="0" ci="3" mb="0" cb="0"/><line nr="37" mi="0" ci="6" mb="0" cb="0"/><line nr="38" mi="0" ci="10" mb="0" cb="0"/><line nr="39" mi="0" ci="12" mb="0" cb="2"/><line nr="40" mi="0" ci="11" mb="0" cb="2"/><line nr="41" mi="0" ci="7" mb="0" cb="0"/><line nr="42" mi="0" ci="1" mb="0" cb="0"/><line nr="47" mi="0" ci="4" mb="0" cb="0"/><line nr="48" mi="0" ci="3" mb="0" cb="0"/><line nr="49" mi="0" ci="6" mb="0" cb="0"/><line nr="50" mi="0" ci="10" mb="0" cb="0"/><line nr="51" mi="1" ci="9" mb="1" cb="1"/><line nr="52" mi="0" ci="1" mb="0" cb="0"/><line nr="56" mi="0" ci="5" mb="0" cb="0"/><line nr="60" mi="0" ci="5" mb="0" cb="0"/><line nr="64" mi="0" ci="2" mb="0" cb="2"/><line nr="65" mi="0" ci="2" mb="0" cb="0"/><line nr="67" mi="0" ci="5" mb="0" cb="0"/><counter type="INSTRUCTION" missed="1" covered="124"/><counter type="BRANCH" missed="1" covered="7"/><counter type="LINE" missed="0" covered="23"/><counter type="COMPLEXITY" missed="1" covered="16"/><counter type="METHOD" missed="0" covered="13"/><counter type="CLASS" missed="0" covered="1"/></sourcefile><counter type="INSTRUCTION" missed="1" covered="124"/><counter type="BRANCH" missed="1" covered="7"/><counter type="LINE" missed="0" covered="23"/><counter type="COMPLEXITY" missed="1" covered="16"/><counter type="METHOD" missed="0" covered="13"/><counter type="CLASS" missed="0" covered="1"/></package><counter type="INSTRUCTION" missed="1" covered="124"/><counter type="BRANCH" missed="1" covered="7"/><counter type="LINE" missed="0" covered="23"/><counter type="COMPLEXITY" missed="1" covered="16"/><counter type="METHOD" missed="0" covered="13"/><counter type="CLASS" missed="0" covered="1"/></report>