<?xml version="1.0" encoding="UTF-8" standalone="yes"?><!DOCTYPE report PUBLIC "-//JACOCO//DTD Report 1.1//EN" "report.dtd"><report name="kaiheisen-integration-livalit-retail-customer-numbering-relation-update"><sessioninfo id="runnervmlun5p-bbc8bb0b" start="1789262610246" dump="1789262613344"/><package name="jp/co/tokyo_gas/kaiheisen/libs/common/integration/livalit/retail/customer_numbering_relation_update"><class name="jp/co/tokyo_gas/kaiheisen/libs/common/integration/livalit/retail/customer_numbering_relation_update/CustomerNumberingRelationUpdateLivalitRestClient" sourcefilename="CustomerNumberingRelationUpdateLivalitRestClient.java"/><class name="jp/co/tokyo_gas/kaiheisen/libs/common/integration/livalit/retail/customer_numbering_relation_update/CustomerNumberingRelationUpdateResponse$ErrorMessageItem" sourcefilename="CustomerNumberingRelationUpdateResponse.java"><method name="&lt;init&gt;" desc="(Ljp/co/tokyo_gas/kaiheisen/libs/common/integration/livalit/retail/customer_numbering_relation_update/CustomerNumberingRelationUpdateResponse$ErrorMessage;)V" line="22"><counter type="INSTRUCTION" missed="6" covered="0"/><counter type="LINE" missed="1" covered="0"/><counter type="COMPLEXITY" missed="1" covered="0"/><counter type="METHOD" missed="1" covered="0"/></method><counter type="INSTRUCTION" missed="6" covered="0"/><counter type="LINE" missed="1" covered="0"/><counter type="COMPLEXITY" missed="1" covered="0"/><counter type="METHOD" missed="1" covered="0"/><counter type="CLASS" missed="1" covered="0"/></class><class name="jp/co/tokyo_gas/kaiheisen/libs/common/integration/livalit/retail/customer_numbering_relation_update/CustomerNumberingRelationUpdateResponse$ErrorMessage" sourcefilename="CustomerNumberingRelationUpdateResponse.java"><method name="&lt;init&gt;" desc="(Ljava/lang/String;Ljava/lang/String;)V" line="32"><counter type="INSTRUCTION" missed="9" covered="0"/><counter type="LINE" missed="1" covered="0"/><counter type="COMPLEXITY" missed="1" covered="0"/><counter type="METHOD" missed="1" covered="0"/></method><counter type="INSTRUCTION" missed="9" covered="0"/><counter type="LINE" missed="1" covered="0"/><counter type="COMPLEXITY" missed="1" covered="0"/><counter type="METHOD" missed="1" covered="0"/><counter type="CLASS" missed="1" covered="0"/></class><class name="jp/co/tokyo_gas/kaiheisen/libs/common/integration/livalit/retail/customer_numbering_relation_update/CustomerNumberingRelationUpdateRequest" sourcefilename="CustomerNumberingRelationUpdateRequest.java"><method name="&lt;init&gt;" desc="(Ljava/lang/String;Ljava/lang/Long;Ljava/lang/String;Ljava/lang/String;Ljava/lang/String;Ljava/lang/String;Ljava/lang/Long;)V" line="9"><counter type="INSTRUCTION" missed="0" covered="24"/><counter type="LINE" missed="0" covered="1"/><counter type="COMPLEXITY" missed="0" covered="1"/><counter type="METHOD" missed="0" covered="1"/></method><counter type="INSTRUCTION" missed="0" covered="24"/><counter type="LINE" missed="0" covered="1"/><counter type="COMPLEXITY" missed="0" covered="1"/><counter type="METHOD" missed="0" covered="1"/><counter type="CLASS" missed="0" covered="1"/></class><class name="jp/co/tokyo_gas/kaiheisen/libs/common/integration/livalit/retail/customer_numbering_relation_update/CustomerNumberingRelationUpdateLivalitAdapter" sourcefilename="CustomerNumberingRelationUpdateLivalitAdapter.java"><method name="&lt;init&gt;" desc="()V" line="17"><counter type="INSTRUCTION" missed="3" covered="0"/><counter type="LINE" missed="2" covered="0"/><counter type="COMPLEXITY" missed="1" covered="0"/><counter type="METHOD" missed="1" covered="0"/></method><method name="&lt;init&gt;" desc="(Ljp/co/tokyo_gas/kaiheisen/libs/common/integration/livalit/retail/customer_numbering_relation_update/CustomerNumberingRelationUpdateLivalitRestClient;)V" line="28"><counter type="INSTRUCTION" missed="0" covered="5"/><counter type="LINE" missed="0" covered="2"/><counter type="COMPLEXITY" missed="0" covered="1"/><counter type="METHOD" missed="0" covered="1"/></method><method name="update" desc="(Ljp/co/tokyo_gas/kaiheisen/libs/common/integration/livalit/retail/customer_numbering_relation_update/CustomerNumberingRelationUpdateRequest;)Ljp/co/tokyo_gas/kaiheisen/libs/common/integration/livalit/retail/customer_numbering_relation_update/CustomerNumberingRelationUpdateResponse;" line="38"><counter type="INSTRUCTION" missed="14" covered="102"/><counter type="BRANCH" missed="7" covered="7"/><counter type="LINE" missed="0" covered="9"/><counter type="COMPLEXITY" missed="7" covered="1"/><counter type="METHOD" missed="0" covered="1"/></method><method name="lambda$update$0" desc="(Ljp/co/tokyo_gas/kaiheisen/libs/common/integration/livalit/retail/customer_numbering_relation_update/CustomerNumberingRelationUpdateRequest;)Ljp/co/tokyo_gas/kaiheisen/libs/common/integration/livalit/retail/customer_numbering_relation_update/CustomerNumberingRelationUpdateResponse;" line="39"><counter type="INSTRUCTION" missed="0" covered="6"/><counter type="LINE" missed="0" covered="1"/><counter type="COMPLEXITY" missed="0" covered="1"/><counter type="METHOD" missed="0" covered="1"/></method><counter type="INSTRUCTION" missed="17" covered="113"/><counter type="BRANCH" missed="7" covered="7"/><counter type="LINE" missed="2" covered="12"/><counter type="COMPLEXITY" missed="8" covered="3"/><counter type="METHOD" missed="1" covered="3"/><counter type="CLASS" missed="0" covered="1"/></class><class name="jp/co/tokyo_gas/kaiheisen/libs/common/integration/livalit/retail/customer_numbering_relation_update/CustomerNumberingRelationUpdateResponse" sourcefilename="CustomerNumberingRelationUpdateResponse.java"><method name="&lt;init&gt;" desc="(Ljava/lang/Long;Ljava/util/List;Ljava/lang/String;Ljava/lang/String;)V" line="10"><counter type="INSTRUCTION" missed="0" covered="15"/><counter type="LINE" missed="0" covered="1"/><counter type="COMPLEXITY" missed="0" covered="1"/><counter type="METHOD" missed="0" covered="1"/></method><counter type="INSTRUCTION" missed="0" covered="15"/><counter type="LINE" missed="0" covered="1"/><counter type="COMPLEXITY" missed="0" covered="1"/><counter type="METHOD" missed="0" covered="1"/><counter type="CLASS" missed="0" covered="1"/></class><sourcefile name="CustomerNumberingRelationUpdateResponse.java"><line nr="10" mi="0" ci="15" mb="0" cb="0"/><line nr="22" mi="6" ci="0" mb="0" cb="0"/><line nr="32" mi="9" ci="0" mb="0" cb="0"/><counter type="INSTRUCTION" missed="15" covered="15"/><counter type="LINE" missed="2" covered="1"/><counter type="COMPLEXITY" missed="2" covered="1"/><counter type="METHOD" missed="2" covered="1"/><counter type="CLASS" missed="2" covered="1"/></sourcefile><sourcefile name="CustomerNumberingRelationUpdateLivalitRestClient.java"/><sourcefile name="CustomerNumberingRelationUpdateRequest.java"><line nr="9" mi="0" ci="24" mb="0" cb="0"/><counter type="INSTRUCTION" missed="0" covered="24"/><counter type="LINE" missed="0" covered="1"/><counter type="COMPLEXITY" missed="0" covered="1"/><counter type="METHOD" missed="0" covered="1"/><counter type="CLASS" missed="0" covered="1"/></sourcefile><sourcefile name="CustomerNumberingRelationUpdateLivalitAdapter.java"><line nr="17" mi="2" ci="0" mb="0" cb="0"/><line nr="18" mi="1" ci="0" mb="0" cb="0"/><line nr="28" mi="0" ci="4" mb="0" cb="0"/><line nr="29" mi="0" ci="1" mb="0" cb="0"/><line nr="38" mi="0" ci="23" mb="0" cb="0"/><line nr="39" mi="0" ci="6" mb="0" cb="0"/><line nr="40" mi="0" ci="1" mb="0" cb="0"/><line nr="44" mi="2" ci="12" mb="1" cb="1"/><line nr="46" mi="2" ci="12" mb="1" cb="1"/><line nr="48" mi="2" ci="12" mb="1" cb="1"/><line nr="50" mi="2" ci="12" mb="1" cb="1"/><line nr="52" mi="2" ci="12" mb="1" cb="1"/><line nr="54" mi="2" ci="12" mb="1" cb="1"/><line nr="56" mi="2" ci="6" mb="1" cb="1"/><counter type="INSTRUCTION" missed="17" covered="113"/><counter type="BRANCH" missed="7" covered="7"/><counter type="LINE" missed="2" covered="12"/><counter type="COMPLEXITY" missed="8" covered="3"/><counter type="METHOD" missed="1" covered="3"/><counter type="CLASS" missed="0" covered="1"/></sourcefile><counter type="INSTRUCTION" missed="32" covered="152"/><counter type="BRANCH" missed="7" covered="7"/><counter type="LINE" missed="4" covered="14"/><counter type="COMPLEXITY" missed="10" covered="5"/><counter type="METHOD" missed="3" covered="5"/><counter type="CLASS" missed="2" covered="3"/></package><counter type="INSTRUCTION" missed="32" covered="152"/><counter type="BRANCH" missed="7" covered="7"/><counter type="LINE" missed="4" covered="14"/><counter type="COMPLEXITY" missed="10" covered="5"/><counter type="METHOD" missed="3" covered="5"/><counter type="CLASS" missed="2" covered="3"/></report>