<?xml version="1.0" encoding="UTF-8" standalone="yes"?><!DOCTYPE report PUBLIC "-//JACOCO//DTD Report 1.1//EN" "report.dtd"><report name="kaiheisen-app-ma-pod-closing"><sessioninfo id="runnervmlun5p-822dde87" start="1789262850853" dump="1789263262826"/><package name="jp/co/tokyo_gas/kaiheisen/contracts/ma/v1/pod_closing/pipeline/retail_other"><class name="jp/co/tokyo_gas/kaiheisen/contracts/ma/v1/pod_closing/pipeline/retail_other/ClosingCommonSafeOtherRetailEndpointContract" sourcefilename="ClosingCommonSafeOtherRetailEndpointContract.java"><method name="maId" desc="()Ljava/lang/String;" line="27"><counter type="INSTRUCTION" missed="2" covered="0"/><counter type="LINE" missed="1" covered="0"/><counter type="COMPLEXITY" missed="1" covered="0"/><counter type="METHOD" missed="1" covered="0"/></method><method name="httpMethod" desc="()Ljava/lang/String;" line="32"><counter type="INSTRUCTION" missed="2" covered="0"/><counter type="LINE" missed="1" covered="0"/><counter type="COMPLEXITY" missed="1" covered="0"/><counter type="METHOD" missed="1" covered="0"/></method><method name="path" desc="()Ljava/lang/String;" line="37"><counter type="INSTRUCTION" missed="2" covered="0"/><counter type="LINE" missed="1" covered="0"/><counter type="COMPLEXITY" missed="1" covered="0"/><counter type="METHOD" missed="1" covered="0"/></method><method name="requestType" desc="()Ljava/lang/Class;" line="42"><counter type="INSTRUCTION" missed="2" covered="0"/><counter type="LINE" missed="1" covered="0"/><counter type="COMPLEXITY" missed="1" covered="0"/><counter type="METHOD" missed="1" covered="0"/></method><method name="responseType" desc="()Ljava/lang/Class;" line="47"><counter type="INSTRUCTION" missed="2" covered="0"/><counter type="LINE" missed="1" covered="0"/><counter type="COMPLEXITY" missed="1" covered="0"/><counter type="METHOD" missed="1" covered="0"/></method><method name="&lt;clinit&gt;" desc="()V" line="13"><counter type="INSTRUCTION" missed="5" covered="0"/><counter type="LINE" missed="1" covered="0"/><counter type="COMPLEXITY" missed="1" covered="0"/><counter type="METHOD" missed="1" covered="0"/></method><counter type="INSTRUCTION" missed="15" covered="0"/><counter type="LINE" missed="6" covered="0"/><counter type="COMPLEXITY" missed="6" covered="0"/><counter type="METHOD" missed="6" covered="0"/><counter type="CLASS" missed="1" covered="0"/></class><class name="jp/co/tokyo_gas/kaiheisen/contracts/ma/v1/pod_closing/pipeline/retail_other/SupplyStopReportUpdateOtherRetailResponse$SyryWarnInf" sourcefilename="SupplyStopReportUpdateOtherRetailResponse.java"><method name="&lt;init&gt;" desc="(Ljava/util/List;)V" line="49"><counter type="INSTRUCTION" missed="0" covered="6"/><counter type="LINE" missed="0" covered="1"/><counter type="COMPLEXITY" missed="0" covered="1"/><counter type="METHOD" missed="0" covered="1"/></method><counter type="INSTRUCTION" missed="0" covered="6"/><counter type="LINE" missed="0" covered="1"/><counter type="COMPLEXITY" missed="0" covered="1"/><counter type="METHOD" missed="0" covered="1"/><counter type="CLASS" missed="0" covered="1"/></class><class name="jp/co/tokyo_gas/kaiheisen/contracts/ma/v1/pod_closing/pipeline/retail_other/SupplyStopReportInfoGetOtherRetailResponse$ErrorResponse" sourcefilename="SupplyStopReportInfoGetOtherRetailResponse.java"><method name="&lt;init&gt;" desc="(Ljava/lang/String;Ljava/lang/String;Ljava/lang/String;Ljava/util/List;Ljava/lang/String;Ljava/util/List;)V" line="47"><counter type="INSTRUCTION" missed="0" covered="21"/><counter type="LINE" missed="0" covered="1"/><counter type="COMPLEXITY" missed="0" covered="1"/><counter type="METHOD" missed="0" covered="1"/></method><counter type="INSTRUCTION" missed="0" covered="21"/><counter type="LINE" missed="0" covered="1"/><counter type="COMPLEXITY" missed="0" covered="1"/><counter type="METHOD" missed="0" covered="1"/><counter type="CLASS" missed="0" covered="1"/></class><class name="jp/co/tokyo_gas/kaiheisen/contracts/ma/v1/pod_closing/pipeline/retail_other/SupplyStopReportUpdateOtherRetailRequest" sourcefilename="SupplyStopReportUpdateOtherRetailRequest.java"><method name="&lt;init&gt;" desc="(Ljava/lang/Long;Ljava/lang/Long;Ljp/co/tokyo_gas/kaiheisen/contracts/ma/v1/pod_closing/pipeline/retail_other/SupplyStopReportUpdateOtherRetailRequest$KkysHkkInf;Ljava/lang/String;Ljava/lang/String;Ljava/lang/String;)V" line="25"><counter type="INSTRUCTION" missed="0" covered="21"/><counter type="LINE" missed="0" covered="1"/><counter type="COMPLEXITY" missed="0" covered="1"/><counter type="METHOD" missed="0" covered="1"/></method><counter type="INSTRUCTION" missed="0" covered="21"/><counter type="LINE" missed="0" covered="1"/><counter type="COMPLEXITY" missed="0" covered="1"/><counter type="METHOD" missed="0" covered="1"/><counter type="CLASS" missed="0" covered="1"/></class><class name="jp/co/tokyo_gas/kaiheisen/contracts/ma/v1/pod_closing/pipeline/retail_other/SupplyStopReportInfoGetOtherRetailRequest" sourcefilename="SupplyStopReportInfoGetOtherRetailRequest.java"><method name="&lt;init&gt;" desc="(Ljava/lang/String;Ljava/lang/String;Ljava/lang/String;)V" line="21"><counter type="INSTRUCTION" missed="0" covered="12"/><counter type="LINE" missed="0" covered="1"/><counter type="COMPLEXITY" missed="0" covered="1"/><counter type="METHOD" missed="0" covered="1"/></method><counter type="INSTRUCTION" missed="0" covered="12"/><counter type="LINE" missed="0" covered="1"/><counter type="COMPLEXITY" missed="0" covered="1"/><counter type="METHOD" missed="0" covered="1"/><counter type="CLASS" missed="0" covered="1"/></class><class name="jp/co/tokyo_gas/kaiheisen/contracts/ma/v1/pod_closing/pipeline/retail_other/SupplyStopReportInfoGetOtherRetailResponse$TkssvkyInfo" sourcefilename="SupplyStopReportInfoGetOtherRetailResponse.java"><method name="&lt;init&gt;" desc="(Ljava/lang/String;Ljava/lang/Long;)V" line="118"><counter type="INSTRUCTION" missed="0" covered="9"/><counter type="LINE" missed="0" covered="1"/><counter type="COMPLEXITY" missed="0" covered="1"/><counter type="METHOD" missed="0" covered="1"/></method><counter type="INSTRUCTION" missed="0" covered="9"/><counter type="LINE" missed="0" covered="1"/><counter type="COMPLEXITY" missed="0" covered="1"/><counter type="METHOD" missed="0" covered="1"/><counter type="CLASS" missed="0" covered="1"/></class><class name="jp/co/tokyo_gas/kaiheisen/contracts/ma/v1/pod_closing/pipeline/retail_other/SupplyStopReportUpdateOtherRetailRequest$KkysHkkInf" sourcefilename="SupplyStopReportUpdateOtherRetailRequest.java"><method name="&lt;init&gt;" desc="(Ljava/lang/String;Ljava/lang/Long;Ljava/math/BigDecimal;Ljava/lang/Boolean;Ljava/lang/String;Ljava/lang/String;Ljava/lang/String;Ljava/lang/String;)V" line="62"><counter type="INSTRUCTION" missed="0" covered="27"/><counter type="LINE" missed="0" covered="1"/><counter type="COMPLEXITY" missed="0" covered="1"/><counter type="METHOD" missed="0" covered="1"/></method><counter type="INSTRUCTION" missed="0" covered="27"/><counter type="LINE" missed="0" covered="1"/><counter type="COMPLEXITY" missed="0" covered="1"/><counter type="METHOD" missed="0" covered="1"/><counter type="CLASS" missed="0" covered="1"/></class><class name="jp/co/tokyo_gas/kaiheisen/contracts/ma/v1/pod_closing/pipeline/retail_other/ClosingCommonSafeOtherRetailRequest$WarnKknInf" sourcefilename="ClosingCommonSafeOtherRetailRequest.java"><method name="&lt;init&gt;" desc="(Ljava/lang/Boolean;)V" line="129"><counter type="INSTRUCTION" missed="0" covered="6"/><counter type="LINE" missed="0" covered="1"/><counter type="COMPLEXITY" missed="0" covered="1"/><counter type="METHOD" missed="0" covered="1"/></method><counter type="INSTRUCTION" missed="0" covered="6"/><counter type="LINE" missed="0" covered="1"/><counter type="COMPLEXITY" missed="0" covered="1"/><counter type="METHOD" missed="0" covered="1"/><counter type="CLASS" missed="0" covered="1"/></class><class name="jp/co/tokyo_gas/kaiheisen/contracts/ma/v1/pod_closing/pipeline/retail_other/ClosingCommonSafeOtherRetailResponse" sourcefilename="ClosingCommonSafeOtherRetailResponse.java"><method name="&lt;init&gt;" desc="(Ljp/co/tokyo_gas/kaiheisen/contracts/ma/v1/pod_closing/pipeline/retail_other/ClosingCommonSafeOtherRetailResponse$MessageIdListInf;Ljava/lang/Double;Ljava/lang/Long;Ljava/lang/String;Ljava/lang/String;Ljava/lang/String;Ljava/util/List;)V" line="16"><counter type="INSTRUCTION" missed="0" covered="24"/><counter type="LINE" missed="0" covered="1"/><counter type="COMPLEXITY" missed="0" covered="1"/><counter type="METHOD" missed="0" covered="1"/></method><counter type="INSTRUCTION" missed="0" covered="24"/><counter type="LINE" missed="0" covered="1"/><counter type="COMPLEXITY" missed="0" covered="1"/><counter type="METHOD" missed="0" covered="1"/><counter type="CLASS" missed="0" covered="1"/></class><class name="jp/co/tokyo_gas/kaiheisen/contracts/ma/v1/pod_closing/pipeline/retail_other/SupplyStopReportInfoGetOtherRetailResponse$GmtInfo" sourcefilename="SupplyStopReportInfoGetOtherRetailResponse.java"><method name="&lt;init&gt;" desc="(Ljava/lang/String;Ljava/lang/String;Ljava/math/BigDecimal;Ljava/math/BigDecimal;)V" line="96"><counter type="INSTRUCTION" missed="0" covered="15"/><counter type="LINE" missed="0" covered="1"/><counter type="COMPLEXITY" missed="0" covered="1"/><counter type="METHOD" missed="0" covered="1"/></method><counter type="INSTRUCTION" missed="0" covered="15"/><counter type="LINE" missed="0" covered="1"/><counter type="COMPLEXITY" missed="0" covered="1"/><counter type="METHOD" missed="0" covered="1"/><counter type="CLASS" missed="0" covered="1"/></class><class name="jp/co/tokyo_gas/kaiheisen/contracts/ma/v1/pod_closing/pipeline/retail_other/SupplyStopReportUpdateOtherRetailResponse" sourcefilename="SupplyStopReportUpdateOtherRetailResponse.java"><method name="&lt;init&gt;" desc="(Ljp/co/tokyo_gas/kaiheisen/contracts/ma/v1/pod_closing/pipeline/retail_other/SupplyStopReportUpdateOtherRetailResponse$SyryWarnInf;Ljava/lang/String;Ljava/lang/String;Ljava/lang/String;Ljava/util/List;Ljava/lang/String;Ljava/util/List;)V" line="16"><counter type="INSTRUCTION" missed="0" covered="24"/><counter type="LINE" missed="0" covered="1"/><counter type="COMPLEXITY" missed="0" covered="1"/><counter type="METHOD" missed="0" covered="1"/></method><counter type="INSTRUCTION" missed="0" covered="24"/><counter type="LINE" missed="0" covered="1"/><counter type="COMPLEXITY" missed="0" covered="1"/><counter type="METHOD" missed="0" covered="1"/><counter type="CLASS" missed="0" covered="1"/></class><class name="jp/co/tokyo_gas/kaiheisen/contracts/ma/v1/pod_closing/pipeline/retail_other/SupplyStopReportInfoGetOtherRetailResponse$KnsKkaInfo" sourcefilename="SupplyStopReportInfoGetOtherRetailResponse.java"><method name="&lt;init&gt;" desc="(Ljava/lang/Long;Ljava/lang/String;)V" line="109"><counter type="INSTRUCTION" missed="0" covered="9"/><counter type="LINE" missed="0" covered="1"/><counter type="COMPLEXITY" missed="0" covered="1"/><counter type="METHOD" missed="0" covered="1"/></method><counter type="INSTRUCTION" missed="0" covered="9"/><counter type="LINE" missed="0" covered="1"/><counter type="COMPLEXITY" missed="0" covered="1"/><counter type="METHOD" missed="0" covered="1"/><counter type="CLASS" missed="0" covered="1"/></class><class name="jp/co/tokyo_gas/kaiheisen/contracts/ma/v1/pod_closing/pipeline/retail_other/ClosingCommonSafeOtherRetailRequest" sourcefilename="ClosingCommonSafeOtherRetailRequest.java"><method name="&lt;init&gt;" desc="(Ljava/lang/String;Ljava/lang/String;Ljava/lang/String;Ljava/lang/String;Ljava/lang/String;Ljava/lang/String;Ljava/lang/String;Ljava/lang/String;Ljava/lang/String;Ljava/lang/String;Ljava/lang/String;Ljava/lang/String;Ljava/lang/String;Ljava/lang/String;Ljava/lang/String;Ljp/co/tokyo_gas/kaiheisen/contracts/ma/v1/pod_closing/pipeline/retail_other/ClosingCommonSafeOtherRetailRequest$WarnKknInf;Ljava/lang/String;Ljava/lang/String;)V" line="25"><counter type="INSTRUCTION" missed="0" covered="57"/><counter type="LINE" missed="0" covered="1"/><counter type="COMPLEXITY" missed="0" covered="1"/><counter type="METHOD" missed="0" covered="1"/></method><counter type="INSTRUCTION" missed="0" covered="57"/><counter type="LINE" missed="0" covered="1"/><counter type="COMPLEXITY" missed="0" covered="1"/><counter type="METHOD" missed="0" covered="1"/><counter type="CLASS" missed="0" covered="1"/></class><class name="jp/co/tokyo_gas/kaiheisen/contracts/ma/v1/pod_closing/pipeline/retail_other/SupplyStopReportUpdateOtherRetailResponse$Serializer" sourcefilename="SupplyStopReportUpdateOtherRetailResponse.java"><method name="&lt;init&gt;" desc="()V" line="60"><counter type="INSTRUCTION" missed="0" covered="4"/><counter type="LINE" missed="0" covered="2"/><counter type="COMPLEXITY" missed="0" covered="1"/><counter type="METHOD" missed="0" covered="1"/></method><method name="serialize" desc="(Ljp/co/tokyo_gas/kaiheisen/contracts/ma/v1/pod_closing/pipeline/retail_other/SupplyStopReportUpdateOtherRetailResponse;Lcom/fasterxml/jackson/core/JsonGenerator;Lcom/fasterxml/jackson/databind/SerializerProvider;)V" line="68"><counter type="INSTRUCTION" missed="0" covered="55"/><counter type="BRANCH" missed="1" covered="3"/><counter type="LINE" missed="0" covered="12"/><counter type="COMPLEXITY" missed="1" covered="2"/><counter type="METHOD" missed="0" covered="1"/></method><method name="writeStringField" desc="(Lcom/fasterxml/jackson/core/JsonGenerator;Ljava/lang/String;Ljava/lang/String;)V" line="84"><counter type="INSTRUCTION" missed="0" covered="7"/><counter type="BRANCH" missed="0" covered="2"/><counter type="LINE" missed="0" covered="3"/><counter type="COMPLEXITY" missed="0" covered="2"/><counter type="METHOD" missed="0" covered="1"/></method><method name="writeObjectField" desc="(Lcom/fasterxml/jackson/core/JsonGenerator;Ljava/lang/String;Ljava/lang/Object;)V" line="91"><counter type="INSTRUCTION" missed="0" covered="7"/><counter type="BRANCH" missed="0" covered="2"/><counter type="LINE" missed="0" covered="3"/><counter type="COMPLEXITY" missed="0" covered="2"/><counter type="METHOD" missed="0" covered="1"/></method><counter type="INSTRUCTION" missed="0" covered="73"/><counter type="BRANCH" missed="1" covered="7"/><counter type="LINE" missed="0" covered="20"/><counter type="COMPLEXITY" missed="1" covered="7"/><counter type="METHOD" missed="0" covered="4"/><counter type="CLASS" missed="0" covered="1"/></class><class name="jp/co/tokyo_gas/kaiheisen/contracts/ma/v1/pod_closing/pipeline/retail_other/SupplyStopReportInfoGetOtherRetailEndpointContract" sourcefilename="SupplyStopReportInfoGetOtherRetailEndpointContract.java"><method name="maId" desc="()Ljava/lang/String;" line="27"><counter type="INSTRUCTION" missed="2" covered="0"/><counter type="LINE" missed="1" covered="0"/><counter type="COMPLEXITY" missed="1" covered="0"/><counter type="METHOD" missed="1" covered="0"/></method><method name="httpMethod" desc="()Ljava/lang/String;" line="32"><counter type="INSTRUCTION" missed="2" covered="0"/><counter type="LINE" missed="1" covered="0"/><counter type="COMPLEXITY" missed="1" covered="0"/><counter type="METHOD" missed="1" covered="0"/></method><method name="path" desc="()Ljava/lang/String;" line="37"><counter type="INSTRUCTION" missed="2" covered="0"/><counter type="LINE" missed="1" covered="0"/><counter type="COMPLEXITY" missed="1" covered="0"/><counter type="METHOD" missed="1" covered="0"/></method><method name="requestType" desc="()Ljava/lang/Class;" line="42"><counter type="INSTRUCTION" missed="2" covered="0"/><counter type="LINE" missed="1" covered="0"/><counter type="COMPLEXITY" missed="1" covered="0"/><counter type="METHOD" missed="1" covered="0"/></method><method name="responseType" desc="()Ljava/lang/Class;" line="47"><counter type="INSTRUCTION" missed="2" covered="0"/><counter type="LINE" missed="1" covered="0"/><counter type="COMPLEXITY" missed="1" covered="0"/><counter type="METHOD" missed="1" covered="0"/></method><method name="&lt;clinit&gt;" desc="()V" line="13"><counter type="INSTRUCTION" missed="5" covered="0"/><counter type="LINE" missed="1" covered="0"/><counter type="COMPLEXITY" missed="1" covered="0"/><counter type="METHOD" missed="1" covered="0"/></method><counter type="INSTRUCTION" missed="15" covered="0"/><counter type="LINE" missed="6" covered="0"/><counter type="COMPLEXITY" missed="6" covered="0"/><counter type="METHOD" missed="6" covered="0"/><counter type="CLASS" missed="1" covered="0"/></class><class name="jp/co/tokyo_gas/kaiheisen/contracts/ma/v1/pod_closing/pipeline/retail_other/ClosingCommonSafeOtherRetailResponse$MessageIdListInf" sourcefilename="ClosingCommonSafeOtherRetailResponse.java"><method name="&lt;init&gt;" desc="(Ljava/util/List;)V" line="48"><counter type="INSTRUCTION" missed="0" covered="6"/><counter type="LINE" missed="0" covered="1"/><counter type="COMPLEXITY" missed="0" covered="1"/><counter type="METHOD" missed="0" covered="1"/></method><counter type="INSTRUCTION" missed="0" covered="6"/><counter type="LINE" missed="0" covered="1"/><counter type="COMPLEXITY" missed="0" covered="1"/><counter type="METHOD" missed="0" covered="1"/><counter type="CLASS" missed="0" covered="1"/></class><class name="jp/co/tokyo_gas/kaiheisen/contracts/ma/v1/pod_closing/pipeline/retail_other/SupplyStopReportInfoGetOtherRetailResponse$KnsytiInfo" sourcefilename="SupplyStopReportInfoGetOtherRetailResponse.java"><method name="&lt;init&gt;" desc="(Ljava/lang/String;)V" line="89"><counter type="INSTRUCTION" missed="0" covered="6"/><counter type="LINE" missed="0" covered="1"/><counter type="COMPLEXITY" missed="0" covered="1"/><counter type="METHOD" missed="0" covered="1"/></method><counter type="INSTRUCTION" missed="0" covered="6"/><counter type="LINE" missed="0" covered="1"/><counter type="COMPLEXITY" missed="0" covered="1"/><counter type="METHOD" missed="0" covered="1"/><counter type="CLASS" missed="0" covered="1"/></class><class name="jp/co/tokyo_gas/kaiheisen/contracts/ma/v1/pod_closing/pipeline/retail_other/SupplyStopReportInfoGetOtherRetailResponse" sourcefilename="SupplyStopReportInfoGetOtherRetailResponse.java"><method name="&lt;init&gt;" desc="(Ljp/co/tokyo_gas/kaiheisen/contracts/ma/v1/pod_closing/pipeline/retail_other/SupplyStopReportInfoGetOtherRetailResponse$GmtsetInfo;Ljp/co/tokyo_gas/kaiheisen/contracts/ma/v1/pod_closing/pipeline/retail_other/SupplyStopReportInfoGetOtherRetailResponse$KnsytiInfo;Ljp/co/tokyo_gas/kaiheisen/contracts/ma/v1/pod_closing/pipeline/retail_other/SupplyStopReportInfoGetOtherRetailResponse$GmtInfo;Ljp/co/tokyo_gas/kaiheisen/contracts/ma/v1/pod_closing/pipeline/retail_other/SupplyStopReportInfoGetOtherRetailResponse$KnsKkaInfo;Ljp/co/tokyo_gas/kaiheisen/contracts/ma/v1/pod_closing/pipeline/retail_other/SupplyStopReportInfoGetOtherRetailResponse$TkssvkyInfo;Ljava/lang/String;Ljava/lang/String;Ljava/lang/String;Ljava/util/List;Ljava/lang/String;Ljava/util/List;)V" line="11"><counter type="INSTRUCTION" missed="0" covered="36"/><counter type="LINE" missed="0" covered="1"/><counter type="COMPLEXITY" missed="0" covered="1"/><counter type="METHOD" missed="0" covered="1"/></method><counter type="INSTRUCTION" missed="0" covered="36"/><counter type="LINE" missed="0" covered="1"/><counter type="COMPLEXITY" missed="0" covered="1"/><counter type="METHOD" missed="0" covered="1"/><counter type="CLASS" missed="0" covered="1"/></class><class name="jp/co/tokyo_gas/kaiheisen/contracts/ma/v1/pod_closing/pipeline/retail_other/SupplyStopReportInfoGetOtherRetailResponse$GmtsetInfo" sourcefilename="SupplyStopReportInfoGetOtherRetailResponse.java"><method name="&lt;init&gt;" desc="(Ljava/lang/Long;Ljava/lang/String;Ljava/lang/String;Ljava/lang/String;Ljava/lang/String;Ljava/lang/String;Ljava/lang/String;Ljava/lang/String;Ljava/lang/String;Ljava/lang/String;)V" line="64"><counter type="INSTRUCTION" missed="0" covered="33"/><counter type="LINE" missed="0" covered="1"/><counter type="COMPLEXITY" missed="0" covered="1"/><counter type="METHOD" missed="0" covered="1"/></method><counter type="INSTRUCTION" missed="0" covered="33"/><counter type="LINE" missed="0" covered="1"/><counter type="COMPLEXITY" missed="0" covered="1"/><counter type="METHOD" missed="0" covered="1"/><counter type="CLASS" missed="0" covered="1"/></class><class name="jp/co/tokyo_gas/kaiheisen/contracts/ma/v1/pod_closing/pipeline/retail_other/ClosingCommonSafeOtherRetailResponse$Serializer" sourcefilename="ClosingCommonSafeOtherRetailResponse.java"><method name="&lt;init&gt;" desc="()V" line="59"><counter type="INSTRUCTION" missed="0" covered="4"/><counter type="LINE" missed="0" covered="2"/><counter type="COMPLEXITY" missed="0" covered="1"/><counter type="METHOD" missed="0" covered="1"/></method><method name="serialize" desc="(Ljp/co/tokyo_gas/kaiheisen/contracts/ma/v1/pod_closing/pipeline/retail_other/ClosingCommonSafeOtherRetailResponse;Lcom/fasterxml/jackson/core/JsonGenerator;Lcom/fasterxml/jackson/databind/SerializerProvider;)V" line="67"><counter type="INSTRUCTION" missed="0" covered="55"/><counter type="BRANCH" missed="1" covered="3"/><counter type="LINE" missed="0" covered="12"/><counter type="COMPLEXITY" missed="1" covered="2"/><counter type="METHOD" missed="0" covered="1"/></method><method name="writeStringField" desc="(Lcom/fasterxml/jackson/core/JsonGenerator;Ljava/lang/String;Ljava/lang/String;)V" line="83"><counter type="INSTRUCTION" missed="0" covered="7"/><counter type="BRANCH" missed="0" covered="2"/><counter type="LINE" missed="0" covered="3"/><counter type="COMPLEXITY" missed="0" covered="2"/><counter type="METHOD" missed="0" covered="1"/></method><method name="writeObjectField" desc="(Lcom/fasterxml/jackson/core/JsonGenerator;Ljava/lang/String;Ljava/lang/Object;)V" line="90"><counter type="INSTRUCTION" missed="0" covered="7"/><counter type="BRANCH" missed="0" covered="2"/><counter type="LINE" missed="0" covered="3"/><counter type="COMPLEXITY" missed="0" covered="2"/><counter type="METHOD" missed="0" covered="1"/></method><counter type="INSTRUCTION" missed="0" covered="73"/><counter type="BRANCH" missed="1" covered="7"/><counter type="LINE" missed="0" covered="20"/><counter type="COMPLEXITY" missed="1" covered="7"/><counter type="METHOD" missed="0" covered="4"/><counter type="CLASS" missed="0" covered="1"/></class><class name="jp/co/tokyo_gas/kaiheisen/contracts/ma/v1/pod_closing/pipeline/retail_other/SupplyStopReportUpdateOtherRetailEndpointContract" sourcefilename="SupplyStopReportUpdateOtherRetailEndpointContract.java"><method name="maId" desc="()Ljava/lang/String;" line="27"><counter type="INSTRUCTION" missed="2" covered="0"/><counter type="LINE" missed="1" covered="0"/><counter type="COMPLEXITY" missed="1" covered="0"/><counter type="METHOD" missed="1" covered="0"/></method><method name="httpMethod" desc="()Ljava/lang/String;" line="32"><counter type="INSTRUCTION" missed="2" covered="0"/><counter type="LINE" missed="1" covered="0"/><counter type="COMPLEXITY" missed="1" covered="0"/><counter type="METHOD" missed="1" covered="0"/></method><method name="path" desc="()Ljava/lang/String;" line="37"><counter type="INSTRUCTION" missed="2" covered="0"/><counter type="LINE" missed="1" covered="0"/><counter type="COMPLEXITY" missed="1" covered="0"/><counter type="METHOD" missed="1" covered="0"/></method><method name="requestType" desc="()Ljava/lang/Class;" line="42"><counter type="INSTRUCTION" missed="2" covered="0"/><counter type="LINE" missed="1" covered="0"/><counter type="COMPLEXITY" missed="1" covered="0"/><counter type="METHOD" missed="1" covered="0"/></method><method name="responseType" desc="()Ljava/lang/Class;" line="47"><counter type="INSTRUCTION" missed="2" covered="0"/><counter type="LINE" missed="1" covered="0"/><counter type="COMPLEXITY" missed="1" covered="0"/><counter type="METHOD" missed="1" covered="0"/></method><method name="&lt;clinit&gt;" desc="()V" line="13"><counter type="INSTRUCTION" missed="5" covered="0"/><counter type="LINE" missed="1" covered="0"/><counter type="COMPLEXITY" missed="1" covered="0"/><counter type="METHOD" missed="1" covered="0"/></method><counter type="INSTRUCTION" missed="15" covered="0"/><counter type="LINE" missed="6" covered="0"/><counter type="COMPLEXITY" missed="6" covered="0"/><counter type="METHOD" missed="6" covered="0"/><counter type="CLASS" missed="1" covered="0"/></class><sourcefile name="SupplyStopReportUpdateOtherRetailEndpointContract.java"><line nr="13" mi="5" ci="0" mb="0" cb="0"/><line nr="27" mi="2" ci="0" mb="0" cb="0"/><line nr="32" mi="2" ci="0" mb="0" cb="0"/><line nr="37" mi="2" ci="0" mb="0" cb="0"/><line nr="42" mi="2" ci="0" mb="0" cb="0"/><line nr="47" mi="2" ci="0" mb="0" cb="0"/><counter type="INSTRUCTION" missed="15" covered="0"/><counter type="LINE" missed="6" covered="0"/><counter type="COMPLEXITY" missed="6" covered="0"/><counter type="METHOD" missed="6" covered="0"/><counter type="CLASS" missed="1" covered="0"/></sourcefile><sourcefile name="SupplyStopReportInfoGetOtherRetailRequest.java"><line nr="21" mi="0" ci="12" mb="0" cb="0"/><counter type="INSTRUCTION" missed="0" covered="12"/><counter type="LINE" missed="0" covered="1"/><counter type="COMPLEXITY" missed="0" covered="1"/><counter type="METHOD" missed="0" covered="1"/><counter type="CLASS" missed="0" covered="1"/></sourcefile><sourcefile name="ClosingCommonSafeOtherRetailEndpointContract.java"><line nr="13" mi="5" ci="0" mb="0" cb="0"/><line nr="27" mi="2" ci="0" mb="0" cb="0"/><line nr="32" mi="2" ci="0" mb="0" cb="0"/><line nr="37" mi="2" ci="0" mb="0" cb="0"/><line nr="42" mi="2" ci="0" mb="0" cb="0"/><line nr="47" mi="2" ci="0" mb="0" cb="0"/><counter type="INSTRUCTION" missed="15" covered="0"/><counter type="LINE" missed="6" covered="0"/><counter type="COMPLEXITY" missed="6" covered="0"/><counter type="METHOD" missed="6" covered="0"/><counter type="CLASS" missed="1" covered="0"/></sourcefile><sourcefile name="SupplyStopReportUpdateOtherRetailRequest.java"><line nr="25" mi="0" ci="21" mb="0" cb="0"/><line nr="62" mi="0" ci="27" mb="0" cb="0"/><counter type="INSTRUCTION" missed="0" covered="48"/><counter type="LINE" missed="0" covered="2"/><counter type="COMPLEXITY" missed="0" covered="2"/><counter type="METHOD" missed="0" covered="2"/><counter type="CLASS" missed="0" covered="2"/></sourcefile><sourcefile name="SupplyStopReportInfoGetOtherRetailResponse.java"><line nr="11" mi="0" ci="36" mb="0" cb="0"/><line nr="47" mi="0" ci="21" mb="0" cb="0"/><line nr="64" mi="0" ci="33" mb="0" cb="0"/><line nr="89" mi="0" ci="6" mb="0" cb="0"/><line nr="96" mi="0" ci="15" mb="0" cb="0"/><line nr="109" mi="0" ci="9" mb="0" cb="0"/><line nr="118" mi="0" ci="9" mb="0" cb="0"/><counter type="INSTRUCTION" missed="0" covered="129"/><counter type="LINE" missed="0" covered="7"/><counter type="COMPLEXITY" missed="0" covered="7"/><counter type="METHOD" missed="0" covered="7"/><counter type="CLASS" missed="0" covered="7"/></sourcefile><sourcefile name="ClosingCommonSafeOtherRetailResponse.java"><line nr="16" mi="0" ci="24" mb="0" cb="0"/><line nr="48" mi="0" ci="6" mb="0" cb="0"/><line nr="59" mi="0" ci="3" mb="0" cb="0"/><line nr="60" mi="0" ci="1" mb="0" cb="0"/><line nr="67" mi="0" ci="2" mb="0" cb="0"/><line nr="68" mi="0" ci="6" mb="0" cb="0"/><line nr="69" mi="0" ci="6" mb="0" cb="0"/><line nr="70" mi="0" ci="6" mb="0" cb="0"/><line nr="71" mi="0" ci="6" mb="0" cb="0"/><line nr="72" mi="0" ci="6" mb="0" cb="0"/><line nr="73" mi="0" ci="6" mb="1" cb="3"/><line nr="74" mi="0" ci="3" mb="0" cb="0"/><line nr="75" mi="0" ci="5" mb="0" cb="0"/><line nr="77" mi="0" ci="6" mb="0" cb="0"/><line nr="78" mi="0" ci="2" mb="0" cb="0"/><line nr="79" mi="0" ci="1" mb="0" cb="0"/><line nr="83" mi="0" ci="2" mb="0" cb="2"/><line nr="84" mi="0" ci="4" mb="0" cb="0"/><line nr="86" mi="0" ci="1" mb="0" cb="0"/><line nr="90" mi="0" ci="2" mb="0" cb="2"/><line nr="91" mi="0" ci="4" mb="0" cb="0"/><line nr="93" mi="0" ci="1" mb="0" cb="0"/><counter type="INSTRUCTION" missed="0" covered="103"/><counter type="BRANCH" missed="1" covered="7"/><counter type="LINE" missed="0" covered="22"/><counter type="COMPLEXITY" missed="1" covered="9"/><counter type="METHOD" missed="0" covered="6"/><counter type="CLASS" missed="0" covered="3"/></sourcefile><sourcefile name="SupplyStopReportInfoGetOtherRetailEndpointContract.java"><line nr="13" mi="5" ci="0" mb="0" cb="0"/><line nr="27" mi="2" ci="0" mb="0" cb="0"/><line nr="32" mi="2" ci="0" mb="0" cb="0"/><line nr="37" mi="2" ci="0" mb="0" cb="0"/><line nr="42" mi="2" ci="0" mb="0" cb="0"/><line nr="47" mi="2" ci="0" mb="0" cb="0"/><counter type="INSTRUCTION" missed="15" covered="0"/><counter type="LINE" missed="6" covered="0"/><counter type="COMPLEXITY" missed="6" covered="0"/><counter type="METHOD" missed="6" covered="0"/><counter type="CLASS" missed="1" covered="0"/></sourcefile><sourcefile name="SupplyStopReportUpdateOtherRetailResponse.java"><line nr="16" mi="0" ci="24" mb="0" cb="0"/><line nr="49" mi="0" ci="6" mb="0" cb="0"/><line nr="60" mi="0" ci="3" mb="0" cb="0"/><line nr="61" mi="0" ci="1" mb="0" cb="0"/><line nr="68" mi="0" ci="2" mb="0" cb="0"/><line nr="69" mi="0" ci="6" mb="0" cb="0"/><line nr="70" mi="0" ci="6" mb="0" cb="0"/><line nr="71" mi="0" ci="6" mb="0" cb="0"/><line nr="72" mi="0" ci="6" mb="1" cb="3"/><line nr="73" mi="0" ci="3" mb="0" cb="0"/><line nr="74" mi="0" ci="5" mb="0" cb="0"/><line nr="76" mi="0" ci="6" mb="0" cb="0"/><line nr="77" mi="0" ci="6" mb="0" cb="0"/><line nr="78" mi="0" ci="6" mb="0" cb="0"/><line nr="79" mi="0" ci="2" mb="0" cb="0"/><line nr="80" mi="0" ci="1" mb="0" cb="0"/><line nr="84" mi="0" ci="2" mb="0" cb="2"/><line nr="85" mi="0" ci="4" mb="0" cb="0"/><line nr="87" mi="0" ci="1" mb="0" cb="0"/><line nr="91" mi="0" ci="2" mb="0" cb="2"/><line nr="92" mi="0" ci="4" mb="0" cb="0"/><line nr="94" mi="0" ci="1" mb="0" cb="0"/><counter type="INSTRUCTION" missed="0" covered="103"/><counter type="BRANCH" missed="1" covered="7"/><counter type="LINE" missed="0" covered="22"/><counter type="COMPLEXITY" missed="1" covered="9"/><counter type="METHOD" missed="0" covered="6"/><counter type="CLASS" missed="0" covered="3"/></sourcefile><sourcefile name="ClosingCommonSafeOtherRetailRequest.java"><line nr="25" mi="0" ci="57" mb="0" cb="0"/><line nr="129" mi="0" ci="6" mb="0" cb="0"/><counter type="INSTRUCTION" missed="0" covered="63"/><counter type="LINE" missed="0" covered="2"/><counter type="COMPLEXITY" missed="0" covered="2"/><counter type="METHOD" missed="0" covered="2"/><counter type="CLASS" missed="0" covered="2"/></sourcefile><counter type="INSTRUCTION" missed="45" covered="458"/><counter type="BRANCH" missed="2" covered="14"/><counter type="LINE" missed="18" covered="56"/><counter type="COMPLEXITY" missed="20" covered="30"/><counter type="METHOD" missed="18" covered="24"/><counter type="CLASS" missed="3" covered="18"/></package><package name="jp/co/tokyo_gas/kaiheisen/apps/ma/v1/pod_closing/pipeline/retail_other"><class name="jp/co/tokyo_gas/kaiheisen/apps/ma/v1/pod_closing/pipeline/retail_other/SupplyStopReportUpdateOtherRetailResource" sourcefilename="SupplyStopReportUpdateOtherRetailResource.java"><method name="&lt;init&gt;" desc="(Ljp/co/tokyo_gas/kaiheisen/libs/common/core/context/RequestContext;Ljp/co/tokyo_gas/kaiheisen/libs/common/validation/RequestDtoValidator;Ljp/co/tokyo_gas/kaiheisen/libs/common/core/time/SystemDateTimeProvider;Ljp/co/tokyo_gas/kaiheisen/apps/ma/v1/pod_closing/pipeline/retail_other/ClosingCommonSafeOtherRetailResource;Ljp/co/tokyo_gas/kaiheisen/libs/common/core/constant/CiriusConstantService;)V" line="84"><counter type="INSTRUCTION" missed="0" covered="41"/><counter type="LINE" missed="0" covered="9"/><counter type="COMPLEXITY" missed="0" covered="1"/><counter type="METHOD" missed="0" covered="1"/></method><method name="endpoint" desc="(Ljp/co/tokyo_gas/kaiheisen/contracts/ma/v1/pod_closing/pipeline/retail_other/SupplyStopReportUpdateOtherRetailRequest;)Ljp/co/tokyo_gas/kaiheisen/contracts/ma/v1/pod_closing/pipeline/retail_other/SupplyStopReportUpdateOtherRetailResponse;" line="147"><counter type="INSTRUCTION" missed="0" covered="10"/><counter type="LINE" missed="0" covered="2"/><counter type="COMPLEXITY" missed="0" covered="1"/><counter type="METHOD" missed="0" covered="1"/></method><method name="bindUuidCorrelationIdForResponse" desc="()V" line="152"><counter type="INSTRUCTION" missed="0" covered="17"/><counter type="LINE" missed="0" covered="5"/><counter type="COMPLEXITY" missed="0" covered="1"/><counter type="METHOD" missed="0" covered="1"/></method><method name="handle" desc="(Ljp/co/tokyo_gas/kaiheisen/contracts/ma/v1/pod_closing/pipeline/retail_other/SupplyStopReportUpdateOtherRetailRequest;)Ljp/co/tokyo_gas/kaiheisen/contracts/ma/v1/pod_closing/pipeline/retail_other/SupplyStopReportUpdateOtherRetailResponse;" line="161"><counter type="INSTRUCTION" missed="2" covered="33"/><counter type="BRANCH" missed="1" covered="3"/><counter type="LINE" missed="1" covered="9"/><counter type="COMPLEXITY" missed="1" covered="2"/><counter type="METHOD" missed="0" covered="1"/></method><method name="toChildRequest" desc="(Ljp/co/tokyo_gas/kaiheisen/contracts/ma/v1/pod_closing/pipeline/retail_other/SupplyStopReportUpdateOtherRetailRequest;)Ljp/co/tokyo_gas/kaiheisen/contracts/ma/v1/pod_closing/pipeline/retail_other/ClosingCommonSafeOtherRetailRequest;" line="178"><counter type="INSTRUCTION" missed="16" covered="70"/><counter type="BRANCH" missed="8" covered="8"/><counter type="LINE" missed="1" covered="17"/><counter type="COMPLEXITY" missed="8" covered="1"/><counter type="METHOD" missed="0" covered="1"/></method><method name="stringify" desc="(Ljava/lang/Object;)Ljava/lang/String;" line="203"><counter type="INSTRUCTION" missed="2" covered="14"/><counter type="BRANCH" missed="1" covered="3"/><counter type="LINE" missed="1" covered="4"/><counter type="COMPLEXITY" missed="1" covered="2"/><counter type="METHOD" missed="0" covered="1"/></method><method name="resolveReportDate" desc="()Ljava/lang/String;" line="213"><counter type="INSTRUCTION" missed="0" covered="11"/><counter type="LINE" missed="0" covered="3"/><counter type="COMPLEXITY" missed="0" covered="1"/><counter type="METHOD" missed="0" covered="1"/></method><method name="toResponse" desc="(Ljp/co/tokyo_gas/kaiheisen/contracts/ma/v1/pod_closing/pipeline/retail_other/ClosingCommonSafeOtherRetailResponse;)Ljp/co/tokyo_gas/kaiheisen/contracts/ma/v1/pod_closing/pipeline/retail_other/SupplyStopReportUpdateOtherRetailResponse;" line="220"><counter type="INSTRUCTION" missed="0" covered="36"/><counter type="BRANCH" missed="0" covered="2"/><counter type="LINE" missed="0" covered="11"/><counter type="COMPLEXITY" missed="0" covered="2"/><counter type="METHOD" missed="0" covered="1"/></method><method name="resolveErrorCode" desc="(Ljp/co/tokyo_gas/kaiheisen/contracts/ma/v1/pod_closing/pipeline/retail_other/ClosingCommonSafeOtherRetailResponse;Ljava/util/List;)Ljava/lang/String;" line="237"><counter type="INSTRUCTION" missed="2" covered="14"/><counter type="BRANCH" missed="2" covered="4"/><counter type="LINE" missed="1" covered="4"/><counter type="COMPLEXITY" missed="2" covered="2"/><counter type="METHOD" missed="0" covered="1"/></method><method name="normalizeErrorDetailList" desc="(Ljp/co/tokyo_gas/kaiheisen/contracts/ma/v1/pod_closing/pipeline/retail_other/ClosingCommonSafeOtherRetailResponse;Ljava/lang/String;)Ljava/util/List;" line="249"><counter type="INSTRUCTION" missed="2" covered="13"/><counter type="BRANCH" missed="2" covered="4"/><counter type="LINE" missed="0" covered="3"/><counter type="COMPLEXITY" missed="2" covered="2"/><counter type="METHOD" missed="0" covered="1"/></method><method name="normalizeWarningMessageIds" desc="(Ljp/co/tokyo_gas/kaiheisen/contracts/ma/v1/pod_closing/pipeline/retail_other/ClosingCommonSafeOtherRetailResponse;)Ljava/util/List;" line="256"><counter type="INSTRUCTION" missed="0" covered="20"/><counter type="BRANCH" missed="1" covered="5"/><counter type="LINE" missed="0" covered="5"/><counter type="COMPLEXITY" missed="1" covered="3"/><counter type="METHOD" missed="0" covered="1"/></method><method name="resolveCiriusMessageId" desc="(Ljp/co/tokyo_gas/kaiheisen/contracts/ma/v1/pod_closing/pipeline/retail_other/ClosingCommonSafeOtherRetailResponse;)Ljava/lang/String;" line="265"><counter type="INSTRUCTION" missed="0" covered="13"/><counter type="BRANCH" missed="1" covered="3"/><counter type="LINE" missed="0" covered="3"/><counter type="COMPLEXITY" missed="1" covered="2"/><counter type="METHOD" missed="0" covered="1"/></method><method name="resolveCiriusEmbeddedStringList" desc="(Ljp/co/tokyo_gas/kaiheisen/contracts/ma/v1/pod_closing/pipeline/retail_other/ClosingCommonSafeOtherRetailResponse;)Ljava/util/List;" line="272"><counter type="INSTRUCTION" missed="0" covered="39"/><counter type="BRANCH" missed="3" covered="9"/><counter type="LINE" missed="0" covered="9"/><counter type="COMPLEXITY" missed="3" covered="4"/><counter type="METHOD" missed="0" covered="1"/></method><method name="formatGasMeterLocationNumber" desc="(Ljava/lang/Long;)Ljava/lang/String;" line="287"><counter type="INSTRUCTION" missed="0" covered="22"/><counter type="LINE" missed="0" covered="4"/><counter type="COMPLEXITY" missed="0" covered="1"/><counter type="METHOD" missed="0" covered="1"/></method><method name="formatUsageAmount" desc="(Ljava/lang/Double;)Ljava/lang/String;" line="296"><counter type="INSTRUCTION" missed="0" covered="8"/><counter type="LINE" missed="0" covered="3"/><counter type="COMPLEXITY" missed="0" covered="1"/><counter type="METHOD" missed="0" covered="1"/></method><method name="asChildResponse" desc="(Ljakarta/ws/rs/WebApplicationException;)Ljp/co/tokyo_gas/kaiheisen/contracts/ma/v1/pod_closing/pipeline/retail_other/ClosingCommonSafeOtherRetailResponse;" line="302"><counter type="INSTRUCTION" missed="3" covered="17"/><counter type="BRANCH" missed="2" covered="2"/><counter type="LINE" missed="2" covered="5"/><counter type="COMPLEXITY" missed="2" covered="1"/><counter type="METHOD" missed="0" covered="1"/></method><method name="badRequestResponse" desc="(Ljp/co/tokyo_gas/kaiheisen/contracts/ma/v1/pod_closing/pipeline/retail_other/SupplyStopReportUpdateOtherRetailResponse;)Ljakarta/ws/rs/WebApplicationException;" line="314"><counter type="INSTRUCTION" missed="0" covered="11"/><counter type="LINE" missed="0" covered="5"/><counter type="COMPLEXITY" missed="0" covered="1"/><counter type="METHOD" missed="0" covered="1"/></method><method name="lambda$resolveReportDate$1" desc="()Ljava/lang/IllegalStateException;" line="214"><counter type="INSTRUCTION" missed="5" covered="0"/><counter type="LINE" missed="1" covered="0"/><counter type="COMPLEXITY" missed="1" covered="0"/><counter type="METHOD" missed="1" covered="0"/></method><method name="lambda$endpoint$0" desc="(Ljp/co/tokyo_gas/kaiheisen/contracts/ma/v1/pod_closing/pipeline/retail_other/SupplyStopReportUpdateOtherRetailRequest;)Ljp/co/tokyo_gas/kaiheisen/contracts/ma/v1/pod_closing/pipeline/retail_other/SupplyStopReportUpdateOtherRetailResponse;" line="148"><counter type="INSTRUCTION" missed="0" covered="4"/><counter type="LINE" missed="0" covered="1"/><counter type="COMPLEXITY" missed="0" covered="1"/><counter type="METHOD" missed="0" covered="1"/></method><counter type="INSTRUCTION" missed="32" covered="393"/><counter type="BRANCH" missed="21" covered="43"/><counter type="LINE" missed="6" covered="101"/><counter type="COMPLEXITY" missed="22" covered="29"/><counter type="METHOD" missed="1" covered="18"/><counter type="CLASS" missed="0" covered="1"/></class><class name="jp/co/tokyo_gas/kaiheisen/apps/ma/v1/pod_closing/pipeline/retail_other/ClosingCommonSafeOtherRetailResource$EditedCustomerNames" sourcefilename="ClosingCommonSafeOtherRetailResource.java"><method name="&lt;init&gt;" desc="(Ljp/co/tokyo_gas/kaiheisen/libs/sv/api/transferconfig/CustomerNameEditOutput;Ljp/co/tokyo_gas/kaiheisen/libs/sv/api/transferconfig/CustomerNameEditOutput;)V" line="1503"><counter type="INSTRUCTION" missed="0" covered="9"/><counter type="LINE" missed="0" covered="1"/><counter type="COMPLEXITY" missed="0" covered="1"/><counter type="METHOD" missed="0" covered="1"/></method><counter type="INSTRUCTION" missed="0" covered="9"/><counter type="LINE" missed="0" covered="1"/><counter type="COMPLEXITY" missed="0" covered="1"/><counter type="METHOD" missed="0" covered="1"/><counter type="CLASS" missed="0" covered="1"/></class><class name="jp/co/tokyo_gas/kaiheisen/apps/ma/v1/pod_closing/pipeline/retail_other/ClosingCommonSafeOtherRetailResource" sourcefilename="ClosingCommonSafeOtherRetailResource.java"><method name="delegateFromParent" desc="(Ljp/co/tokyo_gas/kaiheisen/contracts/ma/v1/pod_closing/pipeline/retail_other/ClosingCommonSafeOtherRetailRequest;)Ljp/co/tokyo_gas/kaiheisen/contracts/ma/v1/pod_closing/pipeline/retail_other/ClosingCommonSafeOtherRetailResponse;" line="119"><counter type="INSTRUCTION" missed="8" covered="11"/><counter type="BRANCH" missed="1" covered="1"/><counter type="LINE" missed="3" covered="4"/><counter type="COMPLEXITY" missed="1" covered="1"/><counter type="METHOD" missed="0" covered="1"/></method><method name="canSkipValidationForParentDelegation" desc="(Ljp/co/tokyo_gas/kaiheisen/contracts/ma/v1/pod_closing/pipeline/retail_other/ClosingCommonSafeOtherRetailRequest;Ljp/co/tokyo_gas/kaiheisen/libs/common/core/exception/validation/ValidationException;)Z" line="133"><counter type="INSTRUCTION" missed="2" covered="14"/><counter type="BRANCH" missed="2" covered="2"/><counter type="LINE" missed="1" covered="3"/><counter type="COMPLEXITY" missed="2" covered="1"/><counter type="METHOD" missed="0" covered="1"/></method><method name="isParentDelegationGapForRegressionCategory" desc="(Ljp/co/tokyo_gas/kaiheisen/contracts/ma/v1/pod_closing/pipeline/retail_other/ClosingCommonSafeOtherRetailRequest;Ljava/lang/String;)Z" line="144"><counter type="INSTRUCTION" missed="6" covered="5"/><counter type="BRANCH" missed="3" covered="1"/><counter type="LINE" missed="0" covered="1"/><counter type="COMPLEXITY" missed="2" covered="1"/><counter type="METHOD" missed="0" covered="1"/></method><method name="isParentDelegationGapForSignedGasUsage" desc="(Ljp/co/tokyo_gas/kaiheisen/contracts/ma/v1/pod_closing/pipeline/retail_other/ClosingCommonSafeOtherRetailRequest;Ljava/lang/String;)Z" line="150"><counter type="INSTRUCTION" missed="6" covered="7"/><counter type="BRANCH" missed="3" covered="1"/><counter type="LINE" missed="0" covered="2"/><counter type="COMPLEXITY" missed="2" covered="1"/><counter type="METHOD" missed="0" covered="1"/></method><method name="isMa026CompatibleNegativeGasUsage" desc="(Ljava/lang/String;)Z" line="155"><counter type="INSTRUCTION" missed="42" covered="11"/><counter type="BRANCH" missed="10" covered="2"/><counter type="LINE" missed="6" covered="4"/><counter type="COMPLEXITY" missed="6" covered="1"/><counter type="METHOD" missed="0" covered="1"/></method><method name="&lt;init&gt;" desc="(Ljp/co/tokyo_gas/kaiheisen/libs/common/core/context/RequestContext;Ljp/co/tokyo_gas/kaiheisen/libs/common/validation/RequestDtoValidator;Ljp/co/tokyo_gas/kaiheisen/libs/common/core/time/SystemDateTimeProvider;Ljp/co/tokyo_gas/kaiheisen/libs/sv/api/closing/PreClosingInfoAcquisition;Ljp/co/tokyo_gas/kaiheisen/libs/da/api/ciriusdb/cirius/kiycstd/KiycstdDataAccess;Ljp/co/tokyo_gas/kaiheisen/libs/da/api/ciriusdb/cirius/gmtsetd/GmtsetdDataAccess;Ljp/co/tokyo_gas/kaiheisen/libs/da/api/ciriusdb/cirius/gmtsetk/GmtsetkDataAccess;Ljp/co/tokyo_gas/kaiheisen/libs/da/api/ciriusdb/cirius/ktmgmkk/KtmgmkkDataAccess;Ljp/co/tokyo_gas/kaiheisen/libs/da/api/ciriusdb/cirius/gmkskkd/GmkskkdDataAccess;Ljp/co/tokyo_gas/kaiheisen/libs/da/api/ciriusdb/cirius/tskgmst/TskgmstDataAccess;Ljp/co/tokyo_gas/kaiheisen/libs/da/api/ciriusdb/cirius/tkssvky/TkssvkyDataAccess;Ljp/co/tokyo_gas/kaiheisen/libs/sv/api/validation/ClosingDateErrorJudgment;Ljp/co/tokyo_gas/kaiheisen/libs/sv/api/validation/OpeningClosingInProgressErrorJudgment;Ljp/co/tokyo_gas/kaiheisen/libs/sv/api/validation/DedicatedMeterOpeningInProgressErrorJudgment;Ljp/co/tokyo_gas/kaiheisen/libs/sv/api/validation/SeriesDedicatedContractInProgressErrorJudgment;Ljp/co/tokyo_gas/kaiheisen/libs/sv/api/validation/TgPipelineReadingJudgment;Ljp/co/tokyo_gas/kaiheisen/libs/sv/api/validation/ClosingDateErrorJudgment2;Ljp/co/tokyo_gas/kaiheisen/libs/sv/api/validation/CalculationStartDateIdentificationErrorJudgment;Ljp/co/tokyo_gas/kaiheisen/libs/sv/api/validation/UsageAmountErrorJudgment;Ljp/co/tokyo_gas/kaiheisen/libs/sv/api/validation/UsageAgreementInProgressErrorJudgment;Ljp/co/tokyo_gas/kaiheisen/libs/sv/api/validation/ComprehensiveSeriesGRelatedErrorJudgment;Ljp/co/tokyo_gas/kaiheisen/libs/sv/api/validation/SeriesGUsageVariableUsageErrorJudgment;Ljp/co/tokyo_gas/kaiheisen/libs/sv/api/register/GasMeterLocationInfoUpdate;Ljp/co/tokyo_gas/kaiheisen/libs/sv/api/register/TransferWorkHistoryOtherSystemIntegrationDataRegistration;Ljp/co/tokyo_gas/kaiheisen/libs/sv/api/transferconfig/CustomerNameEdit;Ljp/co/tokyo_gas/kaiheisen/libs/common/integration/cirius/pipeline_sc/idousagyourireki_doukan_jouhou/IdousagyourirekiDoukanJouhouCiriusAdapter;Ljp/co/tokyo_gas/kaiheisen/libs/common/core/constant/CiriusConstantService;Ljp/co/tokyo_gas/kaiheisen/libs/common/core/constant/KaiheisenConstantService;)V" line="379"><counter type="INSTRUCTION" missed="0" covered="269"/><counter type="LINE" missed="0" covered="81"/><counter type="COMPLEXITY" missed="0" covered="1"/><counter type="METHOD" missed="0" covered="1"/></method><method name="endpoint" desc="(Ljp/co/tokyo_gas/kaiheisen/contracts/ma/v1/pod_closing/pipeline/retail_other/ClosingCommonSafeOtherRetailRequest;)Ljp/co/tokyo_gas/kaiheisen/contracts/ma/v1/pod_closing/pipeline/retail_other/ClosingCommonSafeOtherRetailResponse;" line="575"><counter type="INSTRUCTION" missed="0" covered="8"/><counter type="LINE" missed="0" covered="1"/><counter type="COMPLEXITY" missed="0" covered="1"/><counter type="METHOD" missed="0" covered="1"/></method><method name="handle" desc="(Ljp/co/tokyo_gas/kaiheisen/contracts/ma/v1/pod_closing/pipeline/retail_other/ClosingCommonSafeOtherRetailRequest;)Ljp/co/tokyo_gas/kaiheisen/contracts/ma/v1/pod_closing/pipeline/retail_other/ClosingCommonSafeOtherRetailResponse;" line="579"><counter type="INSTRUCTION" missed="5" covered="62"/><counter type="BRANCH" missed="1" covered="1"/><counter type="LINE" missed="1" covered="15"/><counter type="COMPLEXITY" missed="1" covered="1"/><counter type="METHOD" missed="0" covered="1"/></method><method name="toResponse" desc="()Ljp/co/tokyo_gas/kaiheisen/contracts/ma/v1/pod_closing/pipeline/retail_other/ClosingCommonSafeOtherRetailResponse;" line="610"><counter type="INSTRUCTION" missed="0" covered="16"/><counter type="LINE" missed="0" covered="2"/><counter type="COMPLEXITY" missed="0" covered="1"/><counter type="METHOD" missed="0" covered="1"/></method><method name="executeValidationSteps" desc="(Ljp/co/tokyo_gas/kaiheisen/contracts/ma/v1/pod_closing/pipeline/retail_other/ClosingCommonSafeOtherRetailRequest;Ljava/time/LocalDate;Ljava/lang/Long;Ljava/lang/Long;Ljp/co/tokyo_gas/kaiheisen/libs/sv/api/closing/PreClosingInfoAcquisitionOutput;)Ljp/co/tokyo_gas/kaiheisen/apps/ma/v1/pod_closing/pipeline/retail_other/ClosingCommonSafeOtherRetailResource$ValidationExecutionResult;" line="626"><counter type="INSTRUCTION" missed="111" covered="305"/><counter type="BRANCH" missed="22" covered="36"/><counter type="LINE" missed="28" covered="89"/><counter type="COMPLEXITY" missed="20" covered="10"/><counter type="METHOD" missed="0" covered="1"/></method><method name="executeUpdateSteps" desc="(Ljp/co/tokyo_gas/kaiheisen/contracts/ma/v1/pod_closing/pipeline/retail_other/ClosingCommonSafeOtherRetailRequest;Ljava/time/LocalDate;Ljava/time/LocalDateTime;Ljava/lang/Long;Ljp/co/tokyo_gas/kaiheisen/libs/da/api/ciriusdb/cirius/tkssvky/TkssvkyRecord;Ljp/co/tokyo_gas/kaiheisen/libs/sv/api/closing/PreClosingInfoAcquisitionOutput;Ljp/co/tokyo_gas/kaiheisen/libs/sv/api/validation/CalculationStartDateIdentificationErrorJudgmentOutput;Ljp/co/tokyo_gas/kaiheisen/libs/da/api/ciriusdb/cirius/kiycstd/KiycstdRecord;)V" line="788"><counter type="INSTRUCTION" missed="0" covered="44"/><counter type="LINE" missed="0" covered="10"/><counter type="COMPLEXITY" missed="0" covered="1"/><counter type="METHOD" missed="0" covered="1"/></method><method name="executeCurrentGasMeterLocationUpdate" desc="(Ljp/co/tokyo_gas/kaiheisen/contracts/ma/v1/pod_closing/pipeline/retail_other/ClosingCommonSafeOtherRetailRequest;Ljava/time/LocalDate;Ljp/co/tokyo_gas/kaiheisen/libs/sv/api/closing/PreClosingInfoAcquisitionOutput;)V" line="819"><counter type="INSTRUCTION" missed="67" covered="4"/><counter type="BRANCH" missed="3" covered="1"/><counter type="LINE" missed="12" covered="2"/><counter type="COMPLEXITY" missed="2" covered="1"/><counter type="METHOD" missed="0" covered="1"/></method><method name="executeFutureGasMeterLocationUpdates" desc="(Ljp/co/tokyo_gas/kaiheisen/contracts/ma/v1/pod_closing/pipeline/retail_other/ClosingCommonSafeOtherRetailRequest;Ljava/time/LocalDate;Ljp/co/tokyo_gas/kaiheisen/libs/sv/api/closing/PreClosingInfoAcquisitionOutput;)V" line="848"><counter type="INSTRUCTION" missed="87" covered="4"/><counter type="BRANCH" missed="3" covered="1"/><counter type="LINE" missed="21" covered="2"/><counter type="COMPLEXITY" missed="2" covered="1"/><counter type="METHOD" missed="0" covered="1"/></method><method name="insertPreConfirmedMeterReading" desc="(Ljp/co/tokyo_gas/kaiheisen/contracts/ma/v1/pod_closing/pipeline/retail_other/ClosingCommonSafeOtherRetailRequest;Ljava/time/LocalDate;Ljava/lang/Long;Ljava/lang/Long;Ljp/co/tokyo_gas/kaiheisen/libs/sv/api/closing/PreClosingInfoAcquisitionOutput;Ljp/co/tokyo_gas/kaiheisen/libs/sv/api/validation/CalculationStartDateIdentificationErrorJudgmentOutput;)V" line="899"><counter type="INSTRUCTION" missed="19" covered="115"/><counter type="BRANCH" missed="10" covered="12"/><counter type="LINE" missed="2" covered="28"/><counter type="COMPLEXITY" missed="10" covered="2"/><counter type="METHOD" missed="0" covered="1"/></method><method name="resolveNextMeterReadingResultSequence" desc="(Ljava/lang/Long;Ljava/time/LocalDate;)Ljava/lang/Integer;" line="954"><counter type="INSTRUCTION" missed="0" covered="37"/><counter type="BRANCH" missed="0" covered="2"/><counter type="LINE" missed="0" covered="12"/><counter type="COMPLEXITY" missed="0" covered="2"/><counter type="METHOD" missed="0" covered="1"/></method><method name="resolveMeterReadingResultReasonType" desc="(Ljava/lang/String;)Ljava/lang/String;" line="971"><counter type="INSTRUCTION" missed="6" covered="13"/><counter type="BRANCH" missed="2" covered="1"/><counter type="LINE" missed="2" covered="2"/><counter type="COMPLEXITY" missed="2" covered="1"/><counter type="METHOD" missed="0" covered="1"/></method><method name="editCustomerNames" desc="(Ljp/co/tokyo_gas/kaiheisen/libs/da/api/ciriusdb/cirius/kiycstd/KiycstdRecord;)Ljp/co/tokyo_gas/kaiheisen/apps/ma/v1/pod_closing/pipeline/retail_other/ClosingCommonSafeOtherRetailResource$EditedCustomerNames;" line="979"><counter type="INSTRUCTION" missed="6" covered="47"/><counter type="BRANCH" missed="1" covered="3"/><counter type="LINE" missed="1" covered="18"/><counter type="COMPLEXITY" missed="1" covered="2"/><counter type="METHOD" missed="0" covered="1"/></method><method name="toConduitTransferWorkHistoryRequest" desc="(Ljp/co/tokyo_gas/kaiheisen/contracts/ma/v1/pod_closing/pipeline/retail_other/ClosingCommonSafeOtherRetailRequest;Ljava/time/LocalDateTime;Ljp/co/tokyo_gas/kaiheisen/libs/sv/api/closing/PreClosingInfoAcquisitionOutput;Ljp/co/tokyo_gas/kaiheisen/libs/da/api/ciriusdb/cirius/kiycstd/KiycstdRecord;Ljp/co/tokyo_gas/kaiheisen/apps/ma/v1/pod_closing/pipeline/retail_other/ClosingCommonSafeOtherRetailResource$EditedCustomerNames;)Ljp/co/tokyo_gas/kaiheisen/libs/common/integration/cirius/pipeline_sc/idousagyourireki_doukan_jouhou/IdousagyourirekiDoukanJouhouRequest;" line="1013"><counter type="INSTRUCTION" missed="0" covered="62"/><counter type="LINE" missed="0" covered="12"/><counter type="COMPLEXITY" missed="0" covered="1"/><counter type="METHOD" missed="0" covered="1"/></method><method name="toConduitOtherSystemIntegrationInfo" desc="(Ljp/co/tokyo_gas/kaiheisen/contracts/ma/v1/pod_closing/pipeline/retail_other/ClosingCommonSafeOtherRetailRequest;Ljava/time/LocalDateTime;Ljp/co/tokyo_gas/kaiheisen/libs/sv/api/closing/PreClosingInfoAcquisitionOutput;Ljp/co/tokyo_gas/kaiheisen/libs/da/api/ciriusdb/cirius/kiycstd/KiycstdRecord;Ljp/co/tokyo_gas/kaiheisen/libs/da/api/ciriusdb/cirius/tkssvky/TkssvkyRecord;)Ljp/co/tokyo_gas/kaiheisen/libs/sv/api/register/model/IsrrkrInf;" line="1040"><counter type="INSTRUCTION" missed="13" covered="120"/><counter type="BRANCH" missed="4" covered="10"/><counter type="LINE" missed="3" covered="27"/><counter type="COMPLEXITY" missed="4" covered="4"/><counter type="METHOD" missed="0" covered="1"/></method><method name="buildConduitDetails" desc="(Ljp/co/tokyo_gas/kaiheisen/contracts/ma/v1/pod_closing/pipeline/retail_other/ClosingCommonSafeOtherRetailRequest;Ljp/co/tokyo_gas/kaiheisen/libs/sv/api/closing/PreClosingInfoAcquisitionOutput;Ljp/co/tokyo_gas/kaiheisen/libs/da/api/ciriusdb/cirius/kiycstd/KiycstdRecord;Ljp/co/tokyo_gas/kaiheisen/apps/ma/v1/pod_closing/pipeline/retail_other/ClosingCommonSafeOtherRetailResource$EditedCustomerNames;)Ljava/util/List;" line="1108"><counter type="INSTRUCTION" missed="0" covered="199"/><counter type="BRANCH" missed="0" covered="6"/><counter type="LINE" missed="0" covered="28"/><counter type="COMPLEXITY" missed="0" covered="4"/><counter type="METHOD" missed="0" covered="1"/></method><method name="resolveCustomerName2BeforeValue" desc="(Ljp/co/tokyo_gas/kaiheisen/libs/da/api/ciriusdb/cirius/kiycstd/KiycstdRecord;Ljp/co/tokyo_gas/kaiheisen/apps/ma/v1/pod_closing/pipeline/retail_other/ClosingCommonSafeOtherRetailResource$EditedCustomerNames;)Ljava/lang/String;" line="1156"><counter type="INSTRUCTION" missed="0" covered="14"/><counter type="BRANCH" missed="1" covered="3"/><counter type="LINE" missed="0" covered="3"/><counter type="COMPLEXITY" missed="1" covered="2"/><counter type="METHOD" missed="0" covered="1"/></method><method name="resolveCustomerNameBeforeValue" desc="(Ljp/co/tokyo_gas/kaiheisen/libs/sv/api/transferconfig/CustomerNameEditOutput;)Ljava/lang/String;" line="1163"><counter type="INSTRUCTION" missed="2" covered="15"/><counter type="BRANCH" missed="1" covered="3"/><counter type="LINE" missed="1" covered="4"/><counter type="COMPLEXITY" missed="1" covered="2"/><counter type="METHOD" missed="0" covered="1"/></method><method name="isBlank" desc="(Ljava/lang/String;)Z" line="1173"><counter type="INSTRUCTION" missed="0" covered="9"/><counter type="BRANCH" missed="0" covered="4"/><counter type="LINE" missed="0" covered="1"/><counter type="COMPLEXITY" missed="0" covered="3"/><counter type="METHOD" missed="0" covered="1"/></method><method name="detail" desc="(ILjava/lang/String;Ljava/lang/String;Ljava/lang/String;)Ljp/co/tokyo_gas/kaiheisen/libs/common/integration/cirius/pipeline_sc/idousagyourireki_doukan_jouhou/IdousagyourirekiDoukanJouhouRequest$IdousagyourirekiShousaiDoukan;" line="1178"><counter type="INSTRUCTION" missed="0" covered="10"/><counter type="LINE" missed="0" covered="2"/><counter type="COMPLEXITY" missed="0" covered="1"/><counter type="METHOD" missed="0" covered="1"/></method><method name="requireConduitCustomer" desc="(Ljava/lang/Long;)Ljp/co/tokyo_gas/kaiheisen/libs/da/api/ciriusdb/cirius/kiycstd/KiycstdRecord;" line="1183"><counter type="INSTRUCTION" missed="0" covered="10"/><counter type="LINE" missed="0" covered="3"/><counter type="COMPLEXITY" missed="0" covered="1"/><counter type="METHOD" missed="0" covered="1"/></method><method name="requireTransportationServiceContract" desc="(Ljava/lang/Long;)Ljp/co/tokyo_gas/kaiheisen/libs/da/api/ciriusdb/cirius/tkssvky/TkssvkyRecord;" line="1194"><counter type="INSTRUCTION" missed="0" covered="25"/><counter type="LINE" missed="0" covered="7"/><counter type="COMPLEXITY" missed="0" covered="1"/><counter type="METHOD" missed="0" covered="1"/></method><method name="buildReportUsageMismatchResponse" desc="(Ljp/co/tokyo_gas/kaiheisen/libs/common/core/exception/business/HaisenRuleHokokuShiyouryoHuicchiException;)Ljp/co/tokyo_gas/kaiheisen/contracts/ma/v1/pod_closing/pipeline/retail_other/ClosingCommonSafeOtherRetailResponse;" line="1233"><counter type="INSTRUCTION" missed="21" covered="0"/><counter type="LINE" missed="5" covered="0"/><counter type="COMPLEXITY" missed="1" covered="0"/><counter type="METHOD" missed="1" covered="0"/></method><method name="buildUsageAgreementInProgressResponse" desc="(Ljp/co/tokyo_gas/kaiheisen/libs/common/core/exception/business/HeisenRuleShiyouryoKyoteichuException;)Ljp/co/tokyo_gas/kaiheisen/contracts/ma/v1/pod_closing/pipeline/retail_other/ClosingCommonSafeOtherRetailResponse;" line="1245"><counter type="INSTRUCTION" missed="21" covered="0"/><counter type="LINE" missed="5" covered="0"/><counter type="COMPLEXITY" missed="1" covered="0"/><counter type="METHOD" missed="1" covered="0"/></method><method name="buildWarningResponse" desc="(Ljava/util/List;)Ljp/co/tokyo_gas/kaiheisen/contracts/ma/v1/pod_closing/pipeline/retail_other/ClosingCommonSafeOtherRetailResponse;" line="1256"><counter type="INSTRUCTION" missed="20" covered="0"/><counter type="LINE" missed="4" covered="0"/><counter type="COMPLEXITY" missed="1" covered="0"/><counter type="METHOD" missed="1" covered="0"/></method><method name="badRequestResponse" desc="(Ljp/co/tokyo_gas/kaiheisen/contracts/ma/v1/pod_closing/pipeline/retail_other/ClosingCommonSafeOtherRetailResponse;)Ljakarta/ws/rs/WebApplicationException;" line="1267"><counter type="INSTRUCTION" missed="11" covered="0"/><counter type="LINE" missed="5" covered="0"/><counter type="COMPLEXITY" missed="1" covered="0"/><counter type="METHOD" missed="1" covered="0"/></method><method name="resolveWarningMessageIds" desc="(Ljp/co/tokyo_gas/kaiheisen/libs/common/core/exception/business/HeisenRuleListException;)Ljava/util/List;" line="1275"><counter type="INSTRUCTION" missed="47" covered="0"/><counter type="BRANCH" missed="12" covered="0"/><counter type="LINE" missed="11" covered="0"/><counter type="COMPLEXITY" missed="7" covered="0"/><counter type="METHOD" missed="1" covered="0"/></method><method name="resolveWarningMessageId" desc="(Ljp/co/tokyo_gas/kaiheisen/libs/common/core/exception/business/BusinessRuleException;)Ljava/lang/String;" line="1292"><counter type="INSTRUCTION" missed="14" covered="0"/><counter type="BRANCH" missed="4" covered="0"/><counter type="LINE" missed="4" covered="0"/><counter type="COMPLEXITY" missed="3" covered="0"/><counter type="METHOD" missed="1" covered="0"/></method><method name="toClosingDateSkinKnkkInf" desc="(Ljp/co/tokyo_gas/kaiheisen/libs/sv/api/closing/PreClosingInfoAcquisitionOutput;)Ljp/co/tokyo_gas/kaiheisen/libs/sv/api/validation/model/SkinKnkkInf;" line="1301"><counter type="INSTRUCTION" missed="4" covered="8"/><counter type="BRANCH" missed="1" covered="1"/><counter type="LINE" missed="1" covered="3"/><counter type="COMPLEXITY" missed="1" covered="1"/><counter type="METHOD" missed="0" covered="1"/></method><method name="toClosingDateKnsKkaMtInf" desc="(Ljp/co/tokyo_gas/kaiheisen/libs/sv/api/closing/PreClosingInfoAcquisitionOutput;)Ljp/co/tokyo_gas/kaiheisen/libs/sv/api/validation/model/KnsKkaMtInf;" line="1309"><counter type="INSTRUCTION" missed="9" covered="8"/><counter type="BRANCH" missed="3" covered="1"/><counter type="LINE" missed="1" covered="3"/><counter type="COMPLEXITY" missed="2" covered="1"/><counter type="METHOD" missed="0" covered="1"/></method><method name="toSnyInfList" desc="(Ljp/co/tokyo_gas/kaiheisen/libs/sv/api/closing/PreClosingInfoAcquisitionOutput;)Ljava/util/ArrayList;" line="1317"><counter type="INSTRUCTION" missed="27" covered="9"/><counter type="BRANCH" missed="5" covered="1"/><counter type="LINE" missed="5" covered="3"/><counter type="COMPLEXITY" missed="3" covered="1"/><counter type="METHOD" missed="0" covered="1"/></method><method name="toSuguGmtInfList" desc="(Ljp/co/tokyo_gas/kaiheisen/libs/sv/api/closing/PreClosingInfoAcquisitionOutput;)Ljava/util/ArrayList;" line="1333"><counter type="INSTRUCTION" missed="19" covered="18"/><counter type="BRANCH" missed="3" covered="3"/><counter type="LINE" missed="3" covered="5"/><counter type="COMPLEXITY" missed="2" covered="2"/><counter type="METHOD" missed="0" covered="1"/></method><method name="toSnySkinKnsInfList" desc="(Ljp/co/tokyo_gas/kaiheisen/libs/sv/api/closing/PreClosingInfoAcquisitionOutput;)Ljava/util/ArrayList;" line="1349"><counter type="INSTRUCTION" missed="27" covered="9"/><counter type="BRANCH" missed="5" covered="1"/><counter type="LINE" missed="5" covered="3"/><counter type="COMPLEXITY" missed="3" covered="1"/><counter type="METHOD" missed="0" covered="1"/></method><method name="toSuguGmtSkinKnsInfList" desc="(Ljp/co/tokyo_gas/kaiheisen/libs/sv/api/closing/PreClosingInfoAcquisitionOutput;)Ljava/util/ArrayList;" line="1365"><counter type="INSTRUCTION" missed="19" covered="18"/><counter type="BRANCH" missed="3" covered="3"/><counter type="LINE" missed="3" covered="5"/><counter type="COMPLEXITY" missed="2" covered="2"/><counter type="METHOD" missed="0" covered="1"/></method><method name="resolveUsageAmountCurrentUsage" desc="(Ljp/co/tokyo_gas/kaiheisen/contracts/ma/v1/pod_closing/pipeline/retail_other/ClosingCommonSafeOtherRetailRequest;Ljp/co/tokyo_gas/kaiheisen/libs/sv/api/validation/CalculationStartDateIdentificationErrorJudgmentOutput;)Ljava/math/BigDecimal;" line="1382"><counter type="INSTRUCTION" missed="7" covered="17"/><counter type="BRANCH" missed="3" covered="3"/><counter type="LINE" missed="1" covered="4"/><counter type="COMPLEXITY" missed="3" covered="1"/><counter type="METHOD" missed="0" covered="1"/></method><method name="resolveLatestMeterReading" desc="(Ljp/co/tokyo_gas/kaiheisen/libs/sv/api/validation/CalculationStartDateIdentificationErrorJudgmentOutput;)Ljava/lang/Long;" line="1392"><counter type="INSTRUCTION" missed="27" covered="7"/><counter type="BRANCH" missed="4" covered="2"/><counter type="LINE" missed="5" covered="2"/><counter type="COMPLEXITY" missed="3" covered="1"/><counter type="METHOD" missed="0" covered="1"/></method><method name="resolveUsageAmountJudgmentThreshold" desc="(Ljp/co/tokyo_gas/kaiheisen/libs/sv/api/closing/PreClosingInfoAcquisitionOutput;)Ljava/lang/Long;" line="1405"><counter type="INSTRUCTION" missed="16" covered="9"/><counter type="BRANCH" missed="3" covered="3"/><counter type="LINE" missed="4" covered="3"/><counter type="COMPLEXITY" missed="2" covered="2"/><counter type="METHOD" missed="0" covered="1"/></method><method name="truncateToInteger12Digits" desc="(Ljava/math/BigDecimal;)Ljava/lang/Long;" line="1416"><counter type="INSTRUCTION" missed="23" covered="0"/><counter type="BRANCH" missed="2" covered="0"/><counter type="LINE" missed="5" covered="0"/><counter type="COMPLEXITY" missed="2" covered="0"/><counter type="METHOD" missed="1" covered="0"/></method><method name="requireSystemDatetime" desc="()Ljava/time/LocalDateTime;" line="1425"><counter type="INSTRUCTION" missed="0" covered="7"/><counter type="LINE" missed="0" covered="3"/><counter type="COMPLEXITY" missed="0" covered="1"/><counter type="METHOD" missed="0" covered="1"/></method><method name="decodeOriginFunctionId" desc="()Ljava/lang/String;" line="1431"><counter type="INSTRUCTION" missed="0" covered="13"/><counter type="LINE" missed="0" covered="4"/><counter type="COMPLEXITY" missed="0" covered="1"/><counter type="METHOD" missed="0" covered="1"/></method><method name="toHms" desc="(Ljava/time/LocalDateTime;)Ljava/lang/Integer;" line="1440"><counter type="INSTRUCTION" missed="0" covered="5"/><counter type="LINE" missed="0" covered="1"/><counter type="COMPLEXITY" missed="0" covered="1"/><counter type="METHOD" missed="0" covered="1"/></method><method name="toDateText" desc="(Ljava/time/LocalDate;)Ljava/lang/String;" line="1444"><counter type="INSTRUCTION" missed="2" covered="6"/><counter type="BRANCH" missed="1" covered="1"/><counter type="LINE" missed="0" covered="1"/><counter type="COMPLEXITY" missed="1" covered="1"/><counter type="METHOD" missed="0" covered="1"/></method><method name="toSlashDateText" desc="(Ljava/time/LocalDate;)Ljava/lang/String;" line="1448"><counter type="INSTRUCTION" missed="2" covered="6"/><counter type="BRANCH" missed="1" covered="1"/><counter type="LINE" missed="0" covered="1"/><counter type="COMPLEXITY" missed="1" covered="1"/><counter type="METHOD" missed="0" covered="1"/></method><method name="toTimeText" desc="(Ljava/time/LocalDateTime;)Ljava/lang/String;" line="1452"><counter type="INSTRUCTION" missed="2" covered="6"/><counter type="BRANCH" missed="1" covered="1"/><counter type="LINE" missed="0" covered="1"/><counter type="COMPLEXITY" missed="1" covered="1"/><counter type="METHOD" missed="0" covered="1"/></method><method name="toPlainString" desc="(Ljava/math/BigDecimal;)Ljava/lang/String;" line="1456"><counter type="INSTRUCTION" missed="3" covered="5"/><counter type="BRANCH" missed="1" covered="1"/><counter type="LINE" missed="0" covered="1"/><counter type="COMPLEXITY" missed="1" covered="1"/><counter type="METHOD" missed="0" covered="1"/></method><method name="parseDate" desc="(Ljava/lang/String;)Ljava/time/LocalDate;" line="1460"><counter type="INSTRUCTION" missed="0" covered="4"/><counter type="LINE" missed="0" covered="1"/><counter type="COMPLEXITY" missed="0" covered="1"/><counter type="METHOD" missed="0" covered="1"/></method><method name="parseOptionalBigDecimal" desc="(Ljava/lang/String;)Ljava/math/BigDecimal;" line="1464"><counter type="INSTRUCTION" missed="2" covered="11"/><counter type="BRANCH" missed="1" covered="1"/><counter type="LINE" missed="0" covered="2"/><counter type="COMPLEXITY" missed="1" covered="1"/><counter type="METHOD" missed="0" covered="1"/></method><method name="toDouble" desc="(Ljava/lang/String;)Ljava/lang/Double;" line="1469"><counter type="INSTRUCTION" missed="11" covered="0"/><counter type="BRANCH" missed="2" covered="0"/><counter type="LINE" missed="1" covered="0"/><counter type="COMPLEXITY" missed="2" covered="0"/><counter type="METHOD" missed="1" covered="0"/></method><method name="parseRequiredLong" desc="(Ljava/lang/String;)Ljava/lang/Long;" line="1473"><counter type="INSTRUCTION" missed="0" covered="4"/><counter type="LINE" missed="0" covered="1"/><counter type="COMPLEXITY" missed="0" covered="1"/><counter type="METHOD" missed="0" covered="1"/></method><method name="parseOptionalLong" desc="(Ljava/lang/String;)Ljava/lang/Long;" line="1477"><counter type="INSTRUCTION" missed="2" covered="9"/><counter type="BRANCH" missed="1" covered="1"/><counter type="LINE" missed="0" covered="2"/><counter type="COMPLEXITY" missed="1" covered="1"/><counter type="METHOD" missed="0" covered="1"/></method><method name="resolveErrorDescription" desc="(Ljp/co/tokyo_gas/kaiheisen/libs/common/core/exception/business/BusinessRuleException;)Ljava/lang/String;" line="1482"><counter type="INSTRUCTION" missed="13" covered="0"/><counter type="BRANCH" missed="2" covered="0"/><counter type="LINE" missed="4" covered="0"/><counter type="COMPLEXITY" missed="2" covered="0"/><counter type="METHOD" missed="1" covered="0"/></method><method name="validateReportingSystemType" desc="(Ljava/lang/String;)V" line="1490"><counter type="INSTRUCTION" missed="0" covered="17"/><counter type="LINE" missed="0" covered="6"/><counter type="COMPLEXITY" missed="0" covered="1"/><counter type="METHOD" missed="0" covered="1"/></method><method name="lambda$decodeOriginFunctionId$9" desc="()Ljava/lang/IllegalStateException;" line="1434"><counter type="INSTRUCTION" missed="5" covered="0"/><counter type="LINE" missed="1" covered="0"/><counter type="COMPLEXITY" missed="1" covered="0"/><counter type="METHOD" missed="1" covered="0"/></method><method name="lambda$requireSystemDatetime$8" desc="()Ljava/lang/IllegalStateException;" line="1427"><counter type="INSTRUCTION" missed="5" covered="0"/><counter type="LINE" missed="1" covered="0"/><counter type="COMPLEXITY" missed="1" covered="0"/><counter type="METHOD" missed="1" covered="0"/></method><method name="lambda$requireTransportationServiceContract$7" desc="(Ljp/co/tokyo_gas/kaiheisen/libs/da/api/ciriusdb/cirius/tskgmst/TskgmstRecord;)Ljp/co/tokyo_gas/kaiheisen/libs/common/core/exception/database/DataInconsistencyException;" line="1217"><counter type="INSTRUCTION" missed="18" covered="0"/><counter type="LINE" missed="6" covered="0"/><counter type="COMPLEXITY" missed="1" covered="0"/><counter type="METHOD" missed="1" covered="0"/></method><method name="lambda$requireTransportationServiceContract$6" desc="(Ljava/lang/Long;)Ljp/co/tokyo_gas/kaiheisen/libs/common/core/exception/database/DataInconsistencyException;" line="1201"><counter type="INSTRUCTION" missed="17" covered="0"/><counter type="LINE" missed="5" covered="0"/><counter type="COMPLEXITY" missed="1" covered="0"/><counter type="METHOD" missed="1" covered="0"/></method><method name="lambda$requireConduitCustomer$5" desc="(Ljava/lang/Long;)Ljp/co/tokyo_gas/kaiheisen/libs/common/core/exception/database/DataInconsistencyException;" line="1187"><counter type="INSTRUCTION" missed="13" covered="0"/><counter type="LINE" missed="4" covered="0"/><counter type="COMPLEXITY" missed="1" covered="0"/><counter type="METHOD" missed="1" covered="0"/></method><method name="lambda$resolveNextMeterReadingResultSequence$4" desc="(Ljava/lang/Integer;)Ljava/lang/Integer;" line="966"><counter type="INSTRUCTION" missed="0" covered="6"/><counter type="LINE" missed="0" covered="1"/><counter type="COMPLEXITY" missed="0" covered="1"/><counter type="METHOD" missed="0" covered="1"/></method><method name="lambda$resolveNextMeterReadingResultSequence$3" desc="(Ljava/lang/Integer;)Ljava/lang/Integer;" line="959"><counter type="INSTRUCTION" missed="0" covered="6"/><counter type="LINE" missed="0" covered="1"/><counter type="COMPLEXITY" missed="0" covered="1"/><counter type="METHOD" missed="0" covered="1"/></method><method name="lambda$executeFutureGasMeterLocationUpdates$2" desc="(Ljp/co/tokyo_gas/kaiheisen/libs/da/api/ciriusdb/cirius/gmtsetd/GmtsetdRecord;)Ljp/co/tokyo_gas/kaiheisen/libs/common/core/exception/database/DataInconsistencyException;" line="861"><counter type="INSTRUCTION" missed="18" covered="0"/><counter type="LINE" missed="5" covered="0"/><counter type="COMPLEXITY" missed="1" covered="0"/><counter type="METHOD" missed="1" covered="0"/></method><method name="lambda$endpoint$1" desc="(Ljp/co/tokyo_gas/kaiheisen/contracts/ma/v1/pod_closing/pipeline/retail_other/ClosingCommonSafeOtherRetailRequest;)Ljp/co/tokyo_gas/kaiheisen/contracts/ma/v1/pod_closing/pipeline/retail_other/ClosingCommonSafeOtherRetailResponse;" line="575"><counter type="INSTRUCTION" missed="0" covered="4"/><counter type="LINE" missed="0" covered="1"/><counter type="COMPLEXITY" missed="0" covered="1"/><counter type="METHOD" missed="0" covered="1"/></method><method name="lambda$canSkipValidationForParentDelegation$0" desc="(Ljp/co/tokyo_gas/kaiheisen/contracts/ma/v1/pod_closing/pipeline/retail_other/ClosingCommonSafeOtherRetailRequest;Ljava/lang/String;)Z" line="137"><counter type="INSTRUCTION" missed="2" covered="12"/><counter type="BRANCH" missed="2" covered="2"/><counter type="LINE" missed="0" covered="2"/><counter type="COMPLEXITY" missed="2" covered="1"/><counter type="METHOD" missed="0" covered="1"/></method><method name="&lt;clinit&gt;" desc="()V" line="111"><counter type="INSTRUCTION" missed="0" covered="17"/><counter type="LINE" missed="0" covered="5"/><counter type="COMPLEXITY" missed="0" covered="1"/><counter type="METHOD" missed="0" covered="1"/></method><counter type="INSTRUCTION" missed="807" covered="1677"/><counter type="BRANCH" missed="127" covered="116"/><counter type="LINE" missed="173" covered="424"/><counter type="COMPLEXITY" missed="112" covered="77"/><counter type="METHOD" missed="15" covered="52"/><counter type="CLASS" missed="0" covered="1"/></class><class name="jp/co/tokyo_gas/kaiheisen/apps/ma/v1/pod_closing/pipeline/retail_other/SupplyStopReportInfoGetOtherRetailResource" sourcefilename="SupplyStopReportInfoGetOtherRetailResource.java"><method name="&lt;init&gt;" desc="(Ljp/co/tokyo_gas/kaiheisen/libs/common/core/context/RequestContext;Ljp/co/tokyo_gas/kaiheisen/libs/common/validation/RequestDtoValidator;Ljp/co/tokyo_gas/kaiheisen/libs/common/core/time/SystemDateTimeProvider;Ljp/co/tokyo_gas/kaiheisen/libs/da/api/ciriusdb/cirius/gmtsetd/GmtsetdDataAccess;Ljp/co/tokyo_gas/kaiheisen/libs/da/api/ciriusdb/cirius/gasmtrd/GasmtrdDataAccess;Ljp/co/tokyo_gas/kaiheisen/libs/da/api/ciriusdb/cirius/knsyti/KnsytiDataAccess;Ljp/co/tokyo_gas/kaiheisen/libs/sv/api/validation/OpeningClosingInProgressErrorJudgment;Ljp/co/tokyo_gas/kaiheisen/libs/sv/api/validation/ClosingTargetGasMeterRetailCategoryJudgment;Ljp/co/tokyo_gas/kaiheisen/libs/sv/api/reading/MeterReadingResultAcquisitionForClosing;Ljp/co/tokyo_gas/kaiheisen/libs/sv/api/transfercode/GhpMeterInstallationCodeEdit;Ljp/co/tokyo_gas/kaiheisen/libs/common/core/constant/KaiheisenConstantService;)V" line="114"><counter type="INSTRUCTION" missed="0" covered="44"/><counter type="LINE" missed="0" covered="15"/><counter type="COMPLEXITY" missed="0" covered="1"/><counter type="METHOD" missed="0" covered="1"/></method><method name="endpoint" desc="(Ljp/co/tokyo_gas/kaiheisen/contracts/ma/v1/pod_closing/pipeline/retail_other/SupplyStopReportInfoGetOtherRetailRequest;)Ljp/co/tokyo_gas/kaiheisen/contracts/ma/v1/pod_closing/pipeline/retail_other/SupplyStopReportInfoGetOtherRetailResponse;" line="179"><counter type="INSTRUCTION" missed="0" covered="8"/><counter type="LINE" missed="0" covered="1"/><counter type="COMPLEXITY" missed="0" covered="1"/><counter type="METHOD" missed="0" covered="1"/></method><method name="handle" desc="(Ljp/co/tokyo_gas/kaiheisen/contracts/ma/v1/pod_closing/pipeline/retail_other/SupplyStopReportInfoGetOtherRetailRequest;)Ljp/co/tokyo_gas/kaiheisen/contracts/ma/v1/pod_closing/pipeline/retail_other/SupplyStopReportInfoGetOtherRetailResponse;" line="184"><counter type="INSTRUCTION" missed="0" covered="90"/><counter type="LINE" missed="0" covered="32"/><counter type="COMPLEXITY" missed="0" covered="1"/><counter type="METHOD" missed="0" covered="1"/></method><method name="toResponse" desc="(Ljp/co/tokyo_gas/kaiheisen/libs/da/api/ciriusdb/cirius/gmtsetd/GmtsetdRecord;Ljp/co/tokyo_gas/kaiheisen/libs/da/api/ciriusdb/cirius/gasmtrd/GasmtrdRecord;Ljp/co/tokyo_gas/kaiheisen/libs/da/api/ciriusdb/cirius/knsyti/KnsytiRecord;Ljp/co/tokyo_gas/kaiheisen/libs/sv/api/validation/ClosingTargetGasMeterRetailCategoryJudgmentOutput;Ljp/co/tokyo_gas/kaiheisen/libs/sv/api/reading/MeterReadingResultAcquisitionForClosingOutput;Ljp/co/tokyo_gas/kaiheisen/libs/sv/api/transfercode/GhpMeterInstallationCodeEditOutput;Ljava/lang/String;)Ljp/co/tokyo_gas/kaiheisen/contracts/ma/v1/pod_closing/pipeline/retail_other/SupplyStopReportInfoGetOtherRetailResponse;" line="255"><counter type="INSTRUCTION" missed="10" covered="88"/><counter type="BRANCH" missed="7" covered="7"/><counter type="LINE" missed="2" covered="22"/><counter type="COMPLEXITY" missed="7" covered="1"/><counter type="METHOD" missed="0" covered="1"/></method><method name="formatDate" desc="(Ljava/time/LocalDate;)Ljava/lang/String;" line="293"><counter type="INSTRUCTION" missed="2" covered="5"/><counter type="BRANCH" missed="1" covered="1"/><counter type="LINE" missed="0" covered="1"/><counter type="COMPLEXITY" missed="1" covered="1"/><counter type="METHOD" missed="0" covered="1"/></method><method name="executeOpeningClosingInProgressErrorJudgment" desc="(Ljp/co/tokyo_gas/kaiheisen/libs/da/api/ciriusdb/cirius/gmtsetd/GmtsetdRecord;)V" line="308"><counter type="INSTRUCTION" missed="0" covered="42"/><counter type="LINE" missed="0" covered="16"/><counter type="COMPLEXITY" missed="0" covered="1"/><counter type="METHOD" missed="0" covered="1"/></method><method name="lambda$executeOpeningClosingInProgressErrorJudgment$6" desc="()Ljava/lang/IllegalStateException;" line="315"><counter type="INSTRUCTION" missed="5" covered="0"/><counter type="LINE" missed="1" covered="0"/><counter type="COMPLEXITY" missed="1" covered="0"/><counter type="METHOD" missed="1" covered="0"/></method><method name="lambda$handle$5" desc="()Ljava/lang/IllegalStateException;" line="234"><counter type="INSTRUCTION" missed="5" covered="0"/><counter type="LINE" missed="1" covered="0"/><counter type="COMPLEXITY" missed="1" covered="0"/><counter type="METHOD" missed="1" covered="0"/></method><method name="lambda$handle$4" desc="()Ljp/co/tokyo_gas/kaiheisen/libs/common/core/exception/validation/DataNotFoundException;" line="223"><counter type="INSTRUCTION" missed="0" covered="7"/><counter type="LINE" missed="0" covered="2"/><counter type="COMPLEXITY" missed="0" covered="1"/><counter type="METHOD" missed="0" covered="1"/></method><method name="lambda$handle$3" desc="()Ljp/co/tokyo_gas/kaiheisen/libs/common/core/exception/validation/DataNotFoundException;" line="214"><counter type="INSTRUCTION" missed="0" covered="7"/><counter type="LINE" missed="0" covered="2"/><counter type="COMPLEXITY" missed="0" covered="1"/><counter type="METHOD" missed="0" covered="1"/></method><method name="lambda$handle$2" desc="()Ljp/co/tokyo_gas/kaiheisen/libs/common/core/exception/business/BusinessRuleException;" line="198"><counter type="INSTRUCTION" missed="0" covered="5"/><counter type="LINE" missed="0" covered="1"/><counter type="COMPLEXITY" missed="0" covered="1"/><counter type="METHOD" missed="0" covered="1"/></method><method name="lambda$handle$1" desc="()Ljava/lang/IllegalStateException;" line="188"><counter type="INSTRUCTION" missed="5" covered="0"/><counter type="LINE" missed="1" covered="0"/><counter type="COMPLEXITY" missed="1" covered="0"/><counter type="METHOD" missed="1" covered="0"/></method><method name="lambda$endpoint$0" desc="(Ljp/co/tokyo_gas/kaiheisen/contracts/ma/v1/pod_closing/pipeline/retail_other/SupplyStopReportInfoGetOtherRetailRequest;)Ljp/co/tokyo_gas/kaiheisen/contracts/ma/v1/pod_closing/pipeline/retail_other/SupplyStopReportInfoGetOtherRetailResponse;" line="179"><counter type="INSTRUCTION" missed="0" covered="4"/><counter type="LINE" missed="0" covered="1"/><counter type="COMPLEXITY" missed="0" covered="1"/><counter type="METHOD" missed="0" covered="1"/></method><counter type="INSTRUCTION" missed="27" covered="300"/><counter type="BRANCH" missed="8" covered="8"/><counter type="LINE" missed="5" covered="89"/><counter type="COMPLEXITY" missed="11" covered="10"/><counter type="METHOD" missed="3" covered="10"/><counter type="CLASS" missed="0" covered="1"/></class><class name="jp/co/tokyo_gas/kaiheisen/apps/ma/v1/pod_closing/pipeline/retail_other/ClosingCommonSafeOtherRetailResource$ValidationExecutionResult" sourcefilename="ClosingCommonSafeOtherRetailResource.java"><method name="&lt;init&gt;" desc="(Ljp/co/tokyo_gas/kaiheisen/libs/sv/api/validation/CalculationStartDateIdentificationErrorJudgmentOutput;Ljp/co/tokyo_gas/kaiheisen/contracts/ma/v1/pod_closing/pipeline/retail_other/ClosingCommonSafeOtherRetailResponse;)V" line="1498"><counter type="INSTRUCTION" missed="0" covered="9"/><counter type="LINE" missed="0" covered="1"/><counter type="COMPLEXITY" missed="0" covered="1"/><counter type="METHOD" missed="0" covered="1"/></method><counter type="INSTRUCTION" missed="0" covered="9"/><counter type="LINE" missed="0" covered="1"/><counter type="COMPLEXITY" missed="0" covered="1"/><counter type="METHOD" missed="0" covered="1"/><counter type="CLASS" missed="0" covered="1"/></class><sourcefile name="SupplyStopReportInfoGetOtherRetailResource.java"><line nr="114" mi="0" ci="5" mb="0" cb="0"/><line nr="115" mi="0" ci="3" mb="0" cb="0"/><line nr="116" mi="0" ci="3" mb="0" cb="0"/><line nr="117
[...]
unter type="INSTRUCTION" missed="0" covered="9"/><counter type="LINE" missed="0" covered="1"/><counter type="COMPLEXITY" missed="0" covered="1"/><counter type="METHOD" missed="0" covered="1"/><counter type="CLASS" missed="0" covered="1"/></class><sourcefile name="GmtsetdInfoResponse.java"><line nr="20" mi="0" ci="33" mb="0" cb="0"/><counter type="INSTRUCTION" missed="0" covered="33"/><counter type="LINE" missed="0" covered="1"/><counter type="COMPLEXITY" missed="0" covered="1"/><counter type="METHOD" missed="0" covered="1"/><counter type="CLASS" missed="0" covered="1"/></sourcefile><sourcefile name="GmtInfoResponse.java"><line nr="15" mi="0" ci="15" mb="0" cb="0"/><counter type="INSTRUCTION" missed="0" covered="15"/><counter type="LINE" missed="0" covered="1"/><counter type="COMPLEXITY" missed="0" covered="1"/><counter type="METHOD" missed="0" covered="1"/><counter type="CLASS" missed="0" covered="1"/></sourcefile><sourcefile name="KnsKkaInfoResponse.java"><line nr="12" mi="0" ci="9" mb="0" cb="0"/><counter type="INSTRUCTION" missed="0" covered="9"/><counter type="LINE" missed="0" covered="1"/><counter type="COMPLEXITY" missed="0" covered="1"/><counter type="METHOD" missed="0" covered="1"/><counter type="CLASS" missed="0" covered="1"/></sourcefile><counter type="INSTRUCTION" missed="0" covered="57"/><counter type="LINE" missed="0" covered="3"/><counter type="COMPLEXITY" missed="0" covered="3"/><counter type="METHOD" missed="0" covered="3"/><counter type="CLASS" missed="0" covered="3"/></package><package name="jp/co/tokyo_gas/kaiheisen/apps/ma/v1/pod_closing/retail/retail_tg/online_closing_report_info_get_retail/qualifier"><class name="jp/co/tokyo_gas/kaiheisen/apps/ma/v1/pod_closing/retail/retail_tg/online_closing_report_info_get_retail/qualifier/OnlineClosingReportInfoGetRetailConfiguration" sourcefilename="OnlineClosingReportInfoGetRetailConfiguration.java"/><sourcefile name="OnlineClosingReportInfoGetRetailConfiguration.java"/></package><package name="jp/co/tokyo_gas/kaiheisen/contracts/ma/v1/pod_closing/retail/retail_other"><class name="jp/co/tokyo_gas/kaiheisen/contracts/ma/v1/pod_closing/retail/retail_other/ClosingCommonNormalOtherRetailEndpointContract" sourcefilename="ClosingCommonNormalOtherRetailEndpointContract.java"><method name="maId" desc="()Ljava/lang/String;" line="27"><counter type="INSTRUCTION" missed="2" covered="0"/><counter type="LINE" missed="1" covered="0"/><counter type="COMPLEXITY" missed="1" covered="0"/><counter type="METHOD" missed="1" covered="0"/></method><method name="httpMethod" desc="()Ljava/lang/String;" line="32"><counter type="INSTRUCTION" missed="2" covered="0"/><counter type="LINE" missed="1" covered="0"/><counter type="COMPLEXITY" missed="1" covered="0"/><counter type="METHOD" missed="1" covered="0"/></method><method name="path" desc="()Ljava/lang/String;" line="37"><counter type="INSTRUCTION" missed="2" covered="0"/><counter type="LINE" missed="1" covered="0"/><counter type="COMPLEXITY" missed="1" covered="0"/><counter type="METHOD" missed="1" covered="0"/></method><method name="requestType" desc="()Ljava/lang/Class;" line="42"><counter type="INSTRUCTION" missed="2" covered="0"/><counter type="LINE" missed="1" covered="0"/><counter type="COMPLEXITY" missed="1" covered="0"/><counter type="METHOD" missed="1" covered="0"/></method><method name="responseType" desc="()Ljava/lang/Class;" line="47"><counter type="INSTRUCTION" missed="2" covered="0"/><counter type="LINE" missed="1" covered="0"/><counter type="COMPLEXITY" missed="1" covered="0"/><counter type="METHOD" missed="1" covered="0"/></method><method name="&lt;clinit&gt;" desc="()V" line="13"><counter type="INSTRUCTION" missed="5" covered="0"/><counter type="LINE" missed="1" covered="0"/><counter type="COMPLEXITY" missed="1" covered="0"/><counter type="METHOD" missed="1" covered="0"/></method><counter type="INSTRUCTION" missed="15" covered="0"/><counter type="LINE" missed="6" covered="0"/><counter type="COMPLEXITY" missed="6" covered="0"/><counter type="METHOD" missed="6" covered="0"/><counter type="CLASS" missed="1" covered="0"/></class><class name="jp/co/tokyo_gas/kaiheisen/contracts/ma/v1/pod_closing/retail/retail_other/ClosingCommonNormalOtherRetailRequest$ClosingErrorFollowKeyInfo" sourcefilename="ClosingCommonNormalOtherRetailRequest.java"><method name="&lt;init&gt;" desc="(Ljava/lang/String;Ljava/lang/String;Ljava/lang/Integer;Ljava/lang/Integer;)V" line="192"><counter type="INSTRUCTION" missed="0" covered="15"/><counter type="LINE" missed="0" covered="1"/><counter type="COMPLEXITY" missed="0" covered="1"/><counter type="METHOD" missed="0" covered="1"/></method><counter type="INSTRUCTION" missed="0" covered="15"/><counter type="LINE" missed="0" covered="1"/><counter type="COMPLEXITY" missed="0" covered="1"/><counter type="METHOD" missed="0" covered="1"/><counter type="CLASS" missed="0" covered="1"/></class><class name="jp/co/tokyo_gas/kaiheisen/contracts/ma/v1/pod_closing/retail/retail_other/ClosingCommonNormalOtherRetailResponse" sourcefilename="ClosingCommonNormalOtherRetailResponse.java"><method name="&lt;init&gt;" desc="(Ljava/lang/String;Ljp/co/tokyo_gas/kaiheisen/contracts/ma/v1/pod_closing/retail/retail_other/ClosingCommonNormalOtherRetailResponse$UsageWarningInfo;Ljp/co/tokyo_gas/kaiheisen/contracts/ma/v1/pod_closing/retail/retail_other/ClosingCommonNormalOtherRetailResponse$GeneralWarningInfo;Ljava/lang/Double;Ljava/lang/Long;Ljava/lang/String;)V" line="72"><counter type="INSTRUCTION" missed="0" covered="12"/><counter type="LINE" missed="0" covered="2"/><counter type="COMPLEXITY" missed="0" covered="1"/><counter type="METHOD" missed="0" covered="1"/></method><method name="&lt;init&gt;" desc="(Ljava/lang/String;Ljp/co/tokyo_gas/kaiheisen/contracts/ma/v1/pod_closing/retail/retail_other/ClosingCommonNormalOtherRetailResponse$UsageWarningInfo;Ljp/co/tokyo_gas/kaiheisen/contracts/ma/v1/pod_closing/retail/retail_other/ClosingCommonNormalOtherRetailResponse$GeneralWarningInfo;Ljava/lang/Double;Ljava/lang/Long;Ljava/lang/String;Ljava/lang/String;Ljava/lang/String;Ljava/util/List;)V" line="15"><counter type="INSTRUCTION" missed="0" covered="30"/><counter type="LINE" missed="0" covered="1"/><counter type="COMPLEXITY" missed="0" covered="1"/><counter type="METHOD" missed="0" covered="1"/></method><method name="nullableErrorProperties" desc="()Ljava/util/Map;" line="91"><counter type="INSTRUCTION" missed="0" covered="12"/><counter type="BRANCH" missed="0" covered="4"/><counter type="LINE" missed="0" covered="3"/><counter type="COMPLEXITY" missed="0" covered="3"/><counter type="METHOD" missed="0" covered="1"/></method><counter type="INSTRUCTION" missed="0" covered="54"/><counter type="BRANCH" missed="0" covered="4"/><counter type="LINE" missed="0" covered="6"/><counter type="COMPLEXITY" missed="0" covered="5"/><counter type="METHOD" missed="0" covered="3"/><counter type="CLASS" missed="0" covered="1"/></class><class name="jp/co/tokyo_gas/kaiheisen/contracts/ma/v1/pod_closing/retail/retail_other/ClosingCommonForceOtherRetailEndpointContract" sourcefilename="ClosingCommonForceOtherRetailEndpointContract.java"><method name="maId" desc="()Ljava/lang/String;" line="31"><counter type="INSTRUCTION" missed="2" covered="0"/><counter type="LINE" missed="1" covered="0"/><counter type="COMPLEXITY" missed="1" covered="0"/><counter type="METHOD" missed="1" covered="0"/></method><method name="httpMethod" desc="()Ljava/lang/String;" line="36"><counter type="INSTRUCTION" missed="2" covered="0"/><counter type="LINE" missed="1" covered="0"/><counter type="COMPLEXITY" missed="1" covered="0"/><counter type="METHOD" missed="1" covered="0"/></method><method name="path" desc="()Ljava/lang/String;" line="41"><counter type="INSTRUCTION" missed="2" covered="0"/><counter type="LINE" missed="1" covered="0"/><counter type="COMPLEXITY" missed="1" covered="0"/><counter type="METHOD" missed="1" covered="0"/></method><method name="requestType" desc="()Ljava/lang/Class;" line="46"><counter type="INSTRUCTION" missed="2" covered="0"/><counter type="LINE" missed="1" covered="0"/><counter type="COMPLEXITY" missed="1" covered="0"/><counter type="METHOD" missed="1" covered="0"/></method><method name="responseType" desc="()Ljava/lang/Class;" line="51"><counter type="INSTRUCTION" missed="2" covered="0"/><counter type="LINE" missed="1" covered="0"/><counter type="COMPLEXITY" missed="1" covered="0"/><counter type="METHOD" missed="1" covered="0"/></method><method name="&lt;clinit&gt;" desc="()V" line="14"><counter type="INSTRUCTION" missed="5" covered="0"/><counter type="LINE" missed="1" covered="0"/><counter type="COMPLEXITY" missed="1" covered="0"/><counter type="METHOD" missed="1" covered="0"/></method><counter type="INSTRUCTION" missed="15" covered="0"/><counter type="LINE" missed="6" covered="0"/><counter type="COMPLEXITY" missed="6" covered="0"/><counter type="METHOD" missed="6" covered="0"/><counter type="CLASS" missed="1" covered="0"/></class><class name="jp/co/tokyo_gas/kaiheisen/contracts/ma/v1/pod_closing/retail/retail_other/ClosingCommonNormalOtherRetailResponse$UsageWarningInfo" sourcefilename="ClosingCommonNormalOtherRetailResponse.java"><method name="&lt;init&gt;" desc="(Ljava/util/List;)V" line="101"><counter type="INSTRUCTION" missed="0" covered="6"/><counter type="LINE" missed="0" covered="1"/><counter type="COMPLEXITY" missed="0" covered="1"/><counter type="METHOD" missed="0" covered="1"/></method><counter type="INSTRUCTION" missed="0" covered="6"/><counter type="LINE" missed="0" covered="1"/><counter type="COMPLEXITY" missed="0" covered="1"/><counter type="METHOD" missed="0" covered="1"/><counter type="CLASS" missed="0" covered="1"/></class><class name="jp/co/tokyo_gas/kaiheisen/contracts/ma/v1/pod_closing/retail/retail_other/ClosingCommonForceOtherRetailResponse" sourcefilename="ClosingCommonForceOtherRetailResponse.java"><method name="&lt;init&gt;" desc="(Ljava/lang/String;)V" line="11"><counter type="INSTRUCTION" missed="0" covered="6"/><counter type="LINE" missed="0" covered="1"/><counter type="COMPLEXITY" missed="0" covered="1"/><counter type="METHOD" missed="0" covered="1"/></method><counter type="INSTRUCTION" missed="0" covered="6"/><counter type="LINE" missed="0" covered="1"/><counter type="COMPLEXITY" missed="0" covered="1"/><counter type="METHOD" missed="0" covered="1"/><counter type="CLASS" missed="0" covered="1"/></class><class name="jp/co/tokyo_gas/kaiheisen/contracts/ma/v1/pod_closing/retail/retail_other/ClosingCommonForceOtherRetailRequest" sourcefilename="ClosingCommonForceOtherRetailRequest.java"><method name="&lt;init&gt;" desc="(Ljava/lang/String;Ljava/lang/String;Ljava/lang/String;Ljava/lang/String;Ljava/lang/String;Ljava/lang/String;Ljava/lang/String;Ljava/lang/String;Ljava/lang/String;Ljava/lang/String;Ljava/lang/String;Ljava/lang/String;Ljava/lang/String;Ljava/lang/String;Ljava/lang/String;Ljava/lang/String;Ljava/lang/String;Ljava/lang/String;Ljava/lang/String;Ljava/lang/String;Ljava/lang/String;Ljava/lang/String;Ljava/lang/String;Ljava/lang/String;)V" line="50"><counter type="INSTRUCTION" missed="0" covered="75"/><counter type="LINE" missed="0" covered="1"/><counter type="COMPLEXITY" missed="0" covered="1"/><counter type="METHOD" missed="0" covered="1"/></method><counter type="INSTRUCTION" missed="0" covered="75"/><counter type="LINE" missed="0" covered="1"/><counter type="COMPLEXITY" missed="0" covered="1"/><counter type="METHOD" missed="0" covered="1"/><counter type="CLASS" missed="0" covered="1"/></class><class name="jp/co/tokyo_gas/kaiheisen/contracts/ma/v1/pod_closing/retail/retail_other/ClosingCommonNormalOtherRetailRequest" sourcefilename="ClosingCommonNormalOtherRetailRequest.java"><method name="&lt;init&gt;" desc="(Ljava/lang/String;Ljava/lang/String;Ljava/lang/String;Ljava/lang/String;Ljava/lang/String;Ljava/lang/String;Ljava/lang/String;Ljava/lang/String;Ljava/lang/String;Ljava/lang/Long;Ljava/lang/Long;Ljava/lang/String;Ljava/lang/String;Ljava/lang/Long;Ljava/math/BigDecimal;Ljava/lang/String;Ljava/lang/String;Ljava/lang/String;Ljava/lang/String;Ljava/lang/String;Ljava/lang/String;Ljava/lang/String;Ljava/lang/String;Ljp/co/tokyo_gas/kaiheisen/contracts/ma/v1/pod_closing/retail/retail_other/ClosingCommonNormalOtherRetailRequest$WarningConfirmationInfo;Ljp/co/tokyo_gas/kaiheisen/contracts/ma/v1/pod_closing/retail/retail_other/ClosingCommonNormalOtherRetailRequest$ClosingErrorFollowKeyInfo;Ljava/lang/String;Ljp/co/tokyo_gas/kaiheisen/contracts/ma/v1/pod_closing/retail/retail_other/ClosingCommonNormalOtherRetailRequest$TskgmstInfo;Ljp/co/tokyo_gas/kaiheisen/contracts/ma/v1/pod_closing/retail/retail_other/ClosingCommonNormalOtherRetailRequest$TkssvkyInfo;Ljava/lang/String;Ljava/lang/String;)V" line="26"><counter type="INSTRUCTION" missed="0" covered="93"/><counter type="LINE" missed="0" covered="1"/><counter type="COMPLEXITY" missed="0" covered="1"/><counter type="METHOD" missed="0" covered="1"/></method><counter type="INSTRUCTION" missed="0" covered="93"/><counter type="LINE" missed="0" covered="1"/><counter type="COMPLEXITY" missed="0" covered="1"/><counter type="METHOD" missed="0" covered="1"/><counter type="CLASS" missed="0" covered="1"/></class><class name="jp/co/tokyo_gas/kaiheisen/contracts/ma/v1/pod_closing/retail/retail_other/ClosingCommonNormalOtherRetailRequest$WarningConfirmationInfo" sourcefilename="ClosingCommonNormalOtherRetailRequest.java"><method name="&lt;init&gt;" desc="(Ljava/lang/Boolean;Ljava/lang/Boolean;)V" line="178"><counter type="INSTRUCTION" missed="0" covered="9"/><counter type="LINE" missed="0" covered="1"/><counter type="COMPLEXITY" missed="0" covered="1"/><counter type="METHOD" missed="0" covered="1"/></method><counter type="INSTRUCTION" missed="0" covered="9"/><counter type="LINE" missed="0" covered="1"/><counter type="COMPLEXITY" missed="0" covered="1"/><counter type="METHOD" missed="0" covered="1"/><counter type="CLASS" missed="0" covered="1"/></class><class name="jp/co/tokyo_gas/kaiheisen/contracts/ma/v1/pod_closing/retail/retail_other/ClosingCommonNormalOtherRetailRequest$TskgmstInfo" sourcefilename="ClosingCommonNormalOtherRetailRequest.java"><method name="&lt;init&gt;" desc="(Ljava/lang/Long;Ljava/lang/Integer;Ljava/lang/Integer;)V" line="216"><counter type="INSTRUCTION" missed="0" covered="12"/><counter type="LINE" missed="0" covered="1"/><counter type="COMPLEXITY" missed="0" covered="1"/><counter type="METHOD" missed="0" covered="1"/></method><counter type="INSTRUCTION" missed="0" covered="12"/><counter type="LINE" missed="0" covered="1"/><counter type="COMPLEXITY" missed="0" covered="1"/><counter type="METHOD" missed="0" covered="1"/><counter type="CLASS" missed="0" covered="1"/></class><class name="jp/co/tokyo_gas/kaiheisen/contracts/ma/v1/pod_closing/retail/retail_other/ClosingCommonNormalOtherRetailRequest$TkssvkyInfo" sourcefilename="ClosingCommonNormalOtherRetailRequest.java"><method name="&lt;init&gt;" desc="(Ljava/lang/Long;Ljava/lang/Integer;Ljava/lang/String;Ljava/lang/Integer;Ljava/lang/Long;)V" line="237"><counter type="INSTRUCTION" missed="0" covered="18"/><counter type="LINE" missed="0" covered="1"/><counter type="COMPLEXITY" missed="0" covered="1"/><counter type="METHOD" missed="0" covered="1"/></method><counter type="INSTRUCTION" missed="0" covered="18"/><counter type="LINE" missed="0" covered="1"/><counter type="COMPLEXITY" missed="0" covered="1"/><counter type="METHOD" missed="0" covered="1"/><counter type="CLASS" missed="0" covered="1"/></class><class name="jp/co/tokyo_gas/kaiheisen/contracts/ma/v1/pod_closing/retail/retail_other/ClosingCommonNormalOtherRetailResponse$GeneralWarningInfo" sourcefilename="ClosingCommonNormalOtherRetailResponse.java"><method name="&lt;init&gt;" desc="(Ljava/util/List;)V" line="110"><counter type="INSTRUCTION" missed="0" covered="6"/><counter type="LINE" missed="0" covered="1"/><counter type="COMPLEXITY" missed="0" covered="1"/><counter type="METHOD" missed="0" covered="1"/></method><counter type="INSTRUCTION" missed="0" covered="6"/><counter type="LINE" missed="0" covered="1"/><counter type="COMPLEXITY" missed="0" covered="1"/><counter type="METHOD" missed="0" covered="1"/><counter type="CLASS" missed="0" covered="1"/></class><sourcefile name="ClosingCommonForceOtherRetailEndpointContract.java"><line nr="14" mi="5" ci="0" mb="0" cb="0"/><line nr="31" mi="2" ci="0" mb="0" cb="0"/><line nr="36" mi="2" ci="0" mb="0" cb="0"/><line nr="41" mi="2" ci="0" mb="0" cb="0"/><line nr="46" mi="2" ci="0" mb="0" cb="0"/><line nr="51" mi="2" ci="0" mb="0" cb="0"/><counter type="INSTRUCTION" missed="15" covered="0"/><counter type="LINE" missed="6" covered="0"/><counter type="COMPLEXITY" missed="6" covered="0"/><counter type="METHOD" missed="6" covered="0"/><counter type="CLASS" missed="1" covered="0"/></sourcefile><sourcefile name="ClosingCommonNormalOtherRetailRequest.java"><line nr="26" mi="0" ci="93" mb="0" cb="0"/><line nr="178" mi="0" ci="9" mb="0" cb="0"/><line nr="192" mi="0" ci="15" mb="0" cb="0"/><line nr="216" mi="0" ci="12" mb="0" cb="0"/><line nr="237" mi="0" ci="18" mb="0" cb="0"/><counter type="INSTRUCTION" missed="0" covered="147"/><counter type="LINE" missed="0" covered="5"/><counter type="COMPLEXITY" missed="0" covered="5"/><counter type="METHOD" missed="0" covered="5"/><counter type="CLASS" missed="0" covered="5"/></sourcefile><sourcefile name="ClosingCommonForceOtherRetailResponse.java"><line nr="11" mi="0" ci="6" mb="0" cb="0"/><counter type="INSTRUCTION" missed="0" covered="6"/><counter type="LINE" missed="0" covered="1"/><counter type="COMPLEXITY" missed="0" covered="1"/><counter type="METHOD" missed="0" covered="1"/><counter type="CLASS" missed="0" covered="1"/></sourcefile><sourcefile name="ClosingCommonNormalOtherRetailEndpointContract.java"><line nr="13" mi="5" ci="0" mb="0" cb="0"/><line nr="27" mi="2" ci="0" mb="0" cb="0"/><line nr="32" mi="2" ci="0" mb="0" cb="0"/><line nr="37" mi="2" ci="0" mb="0" cb="0"/><line nr="42" mi="2" ci="0" mb="0" cb="0"/><line nr="47" mi="2" ci="0" mb="0" cb="0"/><counter type="INSTRUCTION" missed="15" covered="0"/><counter type="LINE" missed="6" covered="0"/><counter type="COMPLEXITY" missed="6" covered="0"/><counter type="METHOD" missed="6" covered="0"/><counter type="CLASS" missed="1" covered="0"/></sourcefile><sourcefile name="ClosingCommonNormalOtherRetailResponse.java"><line nr="15" mi="0" ci="30" mb="0" cb="0"/><line nr="72" mi="0" ci="11" mb="0" cb="0"/><line nr="82" mi="0" ci="1" mb="0" cb="0"/><line nr="91" mi="0" ci="6" mb="0" cb="4"/><line nr="92" mi="0" ci="2" mb="0" cb="0"/><line nr="94" mi="0" ci="4" mb="0" cb="0"/><line nr="101" mi="0" ci="6" mb="0" cb="0"/><line nr="110" mi="0" ci="6" mb="0" cb="0"/><counter type="INSTRUCTION" missed="0" covered="66"/><counter type="BRANCH" missed="0" covered="4"/><counter type="LINE" missed="0" covered="8"/><counter type="COMPLEXITY" missed="0" covered="7"/><counter type="METHOD" missed="0" covered="5"/><counter type="CLASS" missed="0" covered="3"/></sourcefile><sourcefile name="ClosingCommonForceOtherRetailRequest.java"><line nr="50" mi="0" ci="75" mb="0" cb="0"/><counter type="INSTRUCTION" missed="0" covered="75"/><counter type="LINE" missed="0" covered="1"/><counter type="COMPLEXITY" missed="0" covered="1"/><counter type="METHOD" missed="0" covered="1"/><counter type="CLASS" missed="0" covered="1"/></sourcefile><counter type="INSTRUCTION" missed="30" covered="294"/><counter type="BRANCH" missed="0" covered="4"/><counter type="LINE" missed="12" covered="15"/><counter type="COMPLEXITY" missed="12" covered="14"/><counter type="METHOD" missed="12" covered="12"/><counter type="CLASS" missed="2" covered="10"/></package><counter type="INSTRUCTION" missed="5062" covered="22055"/><counter type="BRANCH" missed="772" covered="1367"/><counter type="LINE" missed="1006" covered="4926"/><counter type="COMPLEXITY" missed="931" covered="1173"/><counter type="METHOD" missed="283" covered="750"/><counter type="CLASS" missed="19" covered="108"/></report>